mode: atomic
github.com/IBM/ibmcloud-object-storage-plugin/utils/uuid/uuid.go:32.44,34.2 1 1
github.com/IBM/ibmcloud-object-storage-plugin/utils/uuid/uuid.go:37.49,40.34 3 101
github.com/IBM/ibmcloud-object-storage-plugin/utils/uuid/uuid.go:44.2,47.99 3 100
github.com/IBM/ibmcloud-object-storage-plugin/utils/uuid/uuid.go:40.34,42.3 1 1
github.com/IBM/ibmcloud-object-storage-plugin/utils/logger/logger.go:32.42,33.22 1 15
github.com/IBM/ibmcloud-object-storage-plugin/utils/logger/logger.go:36.2,36.23 1 0
github.com/IBM/ibmcloud-object-storage-plugin/utils/logger/logger.go:33.22,35.3 1 15
github.com/IBM/ibmcloud-object-storage-plugin/utils/logger/logger.go:42.68,45.16 3 2
github.com/IBM/ibmcloud-object-storage-plugin/utils/logger/logger.go:49.2,49.26 1 1
github.com/IBM/ibmcloud-object-storage-plugin/utils/logger/logger.go:45.16,48.3 2 1
github.com/IBM/ibmcloud-object-storage-plugin/utils/logger/logger.go:54.56,59.2 4 1
github.com/IBM/ibmcloud-object-storage-plugin/utils/logger/logger.go:64.102,66.23 2 4
github.com/IBM/ibmcloud-object-storage-plugin/utils/logger/logger.go:69.2,69.16 1 2
github.com/IBM/ibmcloud-object-storage-plugin/utils/logger/logger.go:73.2,73.24 1 1
github.com/IBM/ibmcloud-object-storage-plugin/utils/logger/logger.go:66.23,68.3 1 2
github.com/IBM/ibmcloud-object-storage-plugin/utils/logger/logger.go:69.16,72.3 2 1
github.com/IBM/ibmcloud-object-storage-plugin/utils/logger/logger.go:77.80,78.61 1 5
github.com/IBM/ibmcloud-object-storage-plugin/utils/logger/logger.go:81.2,81.60 1 5
github.com/IBM/ibmcloud-object-storage-plugin/utils/logger/logger.go:84.2,84.19 1 5
github.com/IBM/ibmcloud-object-storage-plugin/utils/logger/logger.go:78.61,80.3 1 1
github.com/IBM/ibmcloud-object-storage-plugin/utils/logger/logger.go:81.60,83.3 1 5
github.com/IBM/ibmcloud-object-storage-plugin/utils/logger/logger.go:89.42,94.2 4 15
github.com/IBM/ibmcloud-object-storage-plugin/utils/logger/logger.go:98.67,99.19 1 3
github.com/IBM/ibmcloud-object-storage-plugin/utils/logger/logger.go:102.2,103.39 2 2
github.com/IBM/ibmcloud-object-storage-plugin/utils/logger/logger.go:99.19,101.3 1 1
github.com/IBM/ibmcloud-object-storage-plugin/utils/logger/logger.go:109.65,110.16 1 8
github.com/IBM/ibmcloud-object-storage-plugin/utils/logger/logger.go:115.2,115.88 1 2
github.com/IBM/ibmcloud-object-storage-plugin/utils/logger/logger.go:110.16,111.69 1 7
github.com/IBM/ibmcloud-object-storage-plugin/utils/logger/logger.go:111.69,113.4 1 6
github.com/IBM/ibmcloud-object-storage-plugin/utils/logger/logger.go:121.65,122.16 1 4
github.com/IBM/ibmcloud-object-storage-plugin/utils/logger/logger.go:127.2,127.89 1 2
github.com/IBM/ibmcloud-object-storage-plugin/utils/logger/logger.go:122.16,123.71 1 3
github.com/IBM/ibmcloud-object-storage-plugin/utils/logger/logger.go:123.71,125.4 1 2
github.com/IBM/ibmcloud-object-storage-plugin/utils/logger/logger.go:133.47,137.2 2 4
github.com/IBM/ibmcloud-object-storage-plugin/utils/logger/logger.go:140.53,143.2 2 2
github.com/IBM/ibmcloud-object-storage-plugin/utils/parser/parser.go:20.51,22.16 2 2
github.com/IBM/ibmcloud-object-storage-plugin/utils/parser/parser.go:26.2,26.27 1 1
github.com/IBM/ibmcloud-object-storage-plugin/utils/parser/parser.go:22.16,24.3 1 1
github.com/IBM/ibmcloud-object-storage-plugin/utils/parser/parser.go:30.62,32.16 2 2
github.com/IBM/ibmcloud-object-storage-plugin/utils/parser/parser.go:35.2,36.16 2 2
github.com/IBM/ibmcloud-object-storage-plugin/utils/parser/parser.go:39.2,39.12 1 1
github.com/IBM/ibmcloud-object-storage-plugin/utils/parser/parser.go:32.16,34.3 1 0
github.com/IBM/ibmcloud-object-storage-plugin/utils/parser/parser.go:36.16,38.3 1 1
github.com/IBM/ibmcloud-object-storage-plugin/utils/parser/parser.go:43.61,47.16 3 4
github.com/IBM/ibmcloud-object-storage-plugin/utils/parser/parser.go:50.2,51.16 2 3
github.com/IBM/ibmcloud-object-storage-plugin/utils/parser/parser.go:55.2,57.22 2 2
github.com/IBM/ibmcloud-object-storage-plugin/utils/parser/parser.go:64.2,64.17 1 1
github.com/IBM/ibmcloud-object-storage-plugin/utils/parser/parser.go:47.16,49.3 1 1
github.com/IBM/ibmcloud-object-storage-plugin/utils/parser/parser.go:51.16,53.3 1 1
github.com/IBM/ibmcloud-object-storage-plugin/utils/parser/parser.go:57.22,59.10 2 2
github.com/IBM/ibmcloud-object-storage-plugin/utils/parser/parser.go:62.3,62.21 1 1
github.com/IBM/ibmcloud-object-storage-plugin/utils/parser/parser.go:59.10,61.4 1 1
github.com/IBM/ibmcloud-object-storage-plugin/utils/backend/backend.go:81.152,83.24 2 2
github.com/IBM/ibmcloud-object-storage-plugin/utils/backend/backend.go:88.2,98.3 2 2
github.com/IBM/ibmcloud-object-storage-plugin/utils/backend/backend.go:83.24,85.3 1 1
github.com/IBM/ibmcloud-object-storage-plugin/utils/backend/backend.go:85.8,87.3 1 1
github.com/IBM/ibmcloud-object-storage-plugin/utils/backend/backend.go:102.61,108.2 2 2
github.com/IBM/ibmcloud-object-storage-plugin/utils/backend/backend.go:111.88,112.40 1 3
github.com/IBM/ibmcloud-object-storage-plugin/utils/backend/backend.go:115.2,121.16 2 3
github.com/IBM/ibmcloud-object-storage-plugin/utils/backend/backend.go:125.2,125.29 1 2
github.com/IBM/ibmcloud-object-storage-plugin/utils/backend/backend.go:132.2,132.19 1 1
github.com/IBM/ibmcloud-object-storage-plugin/utils/backend/backend.go:112.40,114.3 1 3
github.com/IBM/ibmcloud-object-storage-plugin/utils/backend/backend.go:121.16,123.3 1 1
github.com/IBM/ibmcloud-object-storage-plugin/utils/backend/backend.go:125.29,127.80 2 2
github.com/IBM/ibmcloud-object-storage-plugin/utils/backend/backend.go:127.80,129.4 1 1
github.com/IBM/ibmcloud-object-storage-plugin/utils/backend/backend.go:136.66,141.16 2 3
github.com/IBM/ibmcloud-object-storage-plugin/utils/backend/backend.go:149.2,149.16 1 1
github.com/IBM/ibmcloud-object-storage-plugin/utils/backend/backend.go:141.16,142.85 1 2
github.com/IBM/ibmcloud-object-storage-plugin/utils/backend/backend.go:146.3,146.17 1 1
github.com/IBM/ibmcloud-object-storage-plugin/utils/backend/backend.go:142.85,145.4 2 1
github.com/IBM/ibmcloud-object-storage-plugin/utils/backend/backend.go:153.56,158.16 2 5
github.com/IBM/ibmcloud-object-storage-plugin/utils/backend/backend.go:167.2,167.36 1 3
github.com/IBM/ibmcloud-object-storage-plugin/utils/backend/backend.go:178.2,182.12 2 2
github.com/IBM/ibmcloud-object-storage-plugin/utils/backend/backend.go:158.16,159.74 1 2
github.com/IBM/ibmcloud-object-storage-plugin/utils/backend/backend.go:164.3,164.64 1 1
github.com/IBM/ibmcloud-object-storage-plugin/utils/backend/backend.go:159.74,162.4 2 1
github.com/IBM/ibmcloud-object-storage-plugin/utils/backend/backend.go:167.36,173.17 2 3
github.com/IBM/ibmcloud-object-storage-plugin/utils/backend/backend.go:173.17,175.4 1 1
github.com/IBM/ibmcloud-object-storage-plugin/utils/config/config.go:34.32,36.2 1 17
github.com/IBM/ibmcloud-object-storage-plugin/utils/config/config.go:39.39,41.2 1 8
github.com/IBM/ibmcloud-object-storage-plugin/utils/config/config.go:44.25,45.46 1 2
github.com/IBM/ibmcloud-object-storage-plugin/utils/config/config.go:48.2,48.11 1 1
github.com/IBM/ibmcloud-object-storage-plugin/utils/config/config.go:45.46,47.3 1 1
github.com/IBM/ibmcloud-object-storage-plugin/utils/config/config.go:52.72,53.59 1 2
github.com/IBM/ibmcloud-object-storage-plugin/utils/config/config.go:53.59,55.3 1 0
github.com/IBM/ibmcloud-object-storage-plugin/utils/config/config.go:59.57,60.38 1 2
github.com/IBM/ibmcloud-object-storage-plugin/utils/config/config.go:63.2,63.20 1 1
github.com/IBM/ibmcloud-object-storage-plugin/utils/config/config.go:60.38,62.3 1 1
github.com/IBM/ibmcloud-object-storage-plugin/utils/config/config.go:67.74,68.38 1 2
github.com/IBM/ibmcloud-object-storage-plugin/utils/config/config.go:74.2,74.20 1 1
github.com/IBM/ibmcloud-object-storage-plugin/utils/config/config.go:68.38,69.51 1 1
github.com/IBM/ibmcloud-object-storage-plugin/utils/config/config.go:72.3,72.74 1 0
github.com/IBM/ibmcloud-object-storage-plugin/utils/config/config.go:69.51,71.4 1 1
github.com/IBM/ibmcloud-object-storage-plugin/utils/config/config.go:78.77,79.38 1 2
github.com/IBM/ibmcloud-object-storage-plugin/utils/config/config.go:85.2,85.20 1 1
github.com/IBM/ibmcloud-object-storage-plugin/utils/config/config.go:79.38,80.57 1 1
github.com/IBM/ibmcloud-object-storage-plugin/utils/config/config.go:83.3,83.75 1 0
github.com/IBM/ibmcloud-object-storage-plugin/utils/config/config.go:80.57,82.4 1 1
github.com/IBM/ibmcloud-object-storage-plugin/utils/config/config.go:89.89,93.26 2 2
github.com/IBM/ibmcloud-object-storage-plugin/utils/config/config.go:97.2,98.32 2 2
github.com/IBM/ibmcloud-object-storage-plugin/utils/config/config.go:93.26,95.3 1 1
github.com/IBM/ibmcloud-object-storage-plugin/utils/config/config.go:102.74,107.16 3 5
github.com/IBM/ibmcloud-object-storage-plugin/utils/config/config.go:111.2,112.12 2 3
github.com/IBM/ibmcloud-object-storage-plugin/utils/config/config.go:107.16,109.3 1 2
github.com/IBM/ibmcloud-object-storage-plugin/utils/config/config.go:116.84,121.24 3 5
github.com/IBM/ibmcloud-object-storage-plugin/utils/config/config.go:127.2,128.16 2 4
github.com/IBM/ibmcloud-object-storage-plugin/utils/config/config.go:138.2,142.16 5 3
github.com/IBM/ibmcloud-object-storage-plugin/utils/config/config.go:147.2,148.32 2 2
github.com/IBM/ibmcloud-object-storage-plugin/utils/config/config.go:152.2,157.12 6 1
github.com/IBM/ibmcloud-object-storage-plugin/utils/config/config.go:121.24,124.3 2 1
github.com/IBM/ibmcloud-object-storage-plugin/utils/config/config.go:128.16,136.3 6 1
github.com/IBM/ibmcloud-object-storage-plugin/utils/config/config.go:142.16,145.3 2 1
github.com/IBM/ibmcloud-object-storage-plugin/utils/config/config.go:148.32,151.3 2 1
github.com/IBM/ibmcloud-object-storage-plugin/provisioner/ibm-s3fs-provisioner.go:104.69,106.9 2 191
github.com/IBM/ibmcloud-object-storage-plugin/provisioner/ibm-s3fs-provisioner.go:110.2,110.30 1 89
github.com/IBM/ibmcloud-object-storage-plugin/provisioner/ibm-s3fs-provisioner.go:106.9,108.3 1 102
github.com/IBM/ibmcloud-object-storage-plugin/provisioner/ibm-s3fs-provisioner.go:112.98,113.23 1 66
github.com/IBM/ibmcloud-object-storage-plugin/provisioner/ibm-s3fs-provisioner.go:116.2,118.16 3 66
github.com/IBM/ibmcloud-object-storage-plugin/provisioner/ibm-s3fs-provisioner.go:121.2,122.16 2 64
github.com/IBM/ibmcloud-object-storage-plugin/provisioner/ibm-s3fs-provisioner.go:126.2,127.16 2 5
github.com/IBM/ibmcloud-object-storage-plugin/provisioner/ibm-s3fs-provisioner.go:130.2,131.16 2 3
github.com/IBM/ibmcloud-object-storage-plugin/provisioner/ibm-s3fs-provisioner.go:134.2,134.12 1 3
github.com/IBM/ibmcloud-object-storage-plugin/provisioner/ibm-s3fs-provisioner.go:113.23,115.3 1 60
github.com/IBM/ibmcloud-object-storage-plugin/provisioner/ibm-s3fs-provisioner.go:118.16,120.3 1 2
github.com/IBM/ibmcloud-object-storage-plugin/provisioner/ibm-s3fs-provisioner.go:122.16,125.3 1 59
github.com/IBM/ibmcloud-object-storage-plugin/provisioner/ibm-s3fs-provisioner.go:127.16,129.3 1 2
github.com/IBM/ibmcloud-object-storage-plugin/provisioner/ibm-s3fs-provisioner.go:131.16,133.3 1 0
github.com/IBM/ibmcloud-object-storage-plugin/provisioner/ibm-s3fs-provisioner.go:136.124,138.16 2 45
github.com/IBM/ibmcloud-object-storage-plugin/provisioner/ibm-s3fs-provisioner.go:142.2,142.59 1 45
github.com/IBM/ibmcloud-object-storage-plugin/provisioner/ibm-s3fs-provisioner.go:146.2,149.16 3 44
github.com/IBM/ibmcloud-object-storage-plugin/provisioner/ibm-s3fs-provisioner.go:163.2,168.8 1 42
github.com/IBM/ibmcloud-object-storage-plugin/provisioner/ibm-s3fs-provisioner.go:138.16,140.3 1 0
github.com/IBM/ibmcloud-object-storage-plugin/provisioner/ibm-s3fs-provisioner.go:142.59,144.3 1 1
github.com/IBM/ibmcloud-object-storage-plugin/provisioner/ibm-s3fs-provisioner.go:149.16,151.17 2 40
github.com/IBM/ibmcloud-object-storage-plugin/provisioner/ibm-s3fs-provisioner.go:155.3,156.17 2 39
github.com/IBM/ibmcloud-object-storage-plugin/provisioner/ibm-s3fs-provisioner.go:151.17,153.4 1 1
github.com/IBM/ibmcloud-object-storage-plugin/provisioner/ibm-s3fs-provisioner.go:156.17,158.4 1 1
github.com/IBM/ibmcloud-object-storage-plugin/provisioner/ibm-s3fs-provisioner.go:159.8,161.3 1 4
github.com/IBM/ibmcloud-object-storage-plugin/provisioner/ibm-s3fs-provisioner.go:173.104,188.16 13 63
github.com/IBM/ibmcloud-object-storage-plugin/provisioner/ibm-s3fs-provisioner.go:191.2,192.16 2 62
github.com/IBM/ibmcloud-object-storage-plugin/provisioner/ibm-s3fs-provisioner.go:196.2,196.31 1 61
github.com/IBM/ibmcloud-object-storage-plugin/provisioner/ibm-s3fs-provisioner.go:200.2,200.30 1 61
github.com/IBM/ibmcloud-object-storage-plugin/provisioner/ibm-s3fs-provisioner.go:215.2,216.16 2 60
github.com/IBM/ibmcloud-object-storage-plugin/provisioner/ibm-s3fs-provisioner.go:222.2,222.24 1 58
github.com/IBM/ibmcloud-object-storage-plugin/provisioner/ibm-s3fs-provisioner.go:228.2,228.22 1 58
github.com/IBM/ibmcloud-object-storage-plugin/provisioner/ibm-s3fs-provisioner.go:232.2,232.100 1 58
github.com/IBM/ibmcloud-object-storage-plugin/provisioner/ibm-s3fs-provisioner.go:239.2,239.27 1 57
github.com/IBM/ibmcloud-object-storage-plugin/provisioner/ibm-s3fs-provisioner.go:243.2,243.102 1 57
github.com/IBM/ibmcloud-object-storage-plugin/provisioner/ibm-s3fs-provisioner.go:251.2,251.34 1 56
github.com/IBM/ibmcloud-object-storage-plugin/provisioner/ibm-s3fs-provisioner.go:254.2,254.33 1 56
github.com/IBM/ibmcloud-object-storage-plugin/provisioner/ibm-s3fs-provisioner.go:264.2,264.38 1 54
github.com/IBM/ibmcloud-object-storage-plugin/provisioner/ibm-s3fs-provisioner.go:267.2,267.37 1 54
github.com/IBM/ibmcloud-object-storage-plugin/provisioner/ibm-s3fs-provisioner.go:277.2,277.27 1 52
github.com/IBM/ibmcloud-object-storage-plugin/provisioner/ibm-s3fs-provisioner.go:284.2,284.29 1 51
github.com/IBM/ibmcloud-object-storage-plugin/provisioner/ibm-s3fs-provisioner.go:291.2,291.27 1 50
github.com/IBM/ibmcloud-object-storage-plugin/provisioner/ibm-s3fs-provisioner.go:298.2,298.29 1 49
github.com/IBM/ibmcloud-object-storage-plugin/provisioner/ibm-s3fs-provisioner.go:304.2,304.37 1 48
github.com/IBM/ibmcloud-object-storage-plugin/provisioner/ibm-s3fs-provisioner.go:312.2,312.39 1 47
github.com/IBM/ibmcloud-object-storage-plugin/provisioner/ibm-s3fs-provisioner.go:320.2,320.50 1 46
github.com/IBM/ibmcloud-object-storage-plugin/provisioner/ibm-s3fs-provisioner.go:324.2,324.26 1 45
github.com/IBM/ibmcloud-object-storage-plugin/provisioner/ibm-s3fs-provisioner.go:343.2,343.57 1 41
github.com/IBM/ibmcloud-object-storage-plugin/provisioner/ibm-s3fs-provisioner.go:350.2,350.15 1 41
github.com/IBM/ibmcloud-object-storage-plugin/provisioner/ibm-s3fs-provisioner.go:360.2,360.26 1 38
github.com/IBM/ibmcloud-object-storage-plugin/provisioner/ibm-s3fs-provisioner.go:373.2,373.15 1 36
github.com/IBM/ibmcloud-object-storage-plugin/provisioner/ibm-s3fs-provisioner.go:380.2,380.26 1 34
github.com/IBM/ibmcloud-object-storage-plugin/provisioner/ibm-s3fs-provisioner.go:389.2,389.18 1 32
github.com/IBM/ibmcloud-object-storage-plugin/provisioner/ibm-s3fs-provisioner.go:393.2,393.26 1 32
github.com/IBM/ibmcloud-object-storage-plugin/provisioner/ibm-s3fs-provisioner.go:397.2,397.19 1 32
github.com/IBM/ibmcloud-object-storage-plugin/provisioner/ibm-s3fs-provisioner.go:401.2,401.30 1 32
github.com/IBM/ibmcloud-object-storage-plugin/provisioner/ibm-s3fs-provisioner.go:406.2,408.25 3 32
github.com/IBM/ibmcloud-object-storage-plugin/provisioner/ibm-s3fs-provisioner.go:412.2,412.19 1 31
github.com/IBM/ibmcloud-object-storage-plugin/provisioner/ibm-s3fs-provisioner.go:416.2,439.16 2 31
github.com/IBM/ibmcloud-object-storage-plugin/provisioner/ibm-s3fs-provisioner.go:443.2,467.16 2 31
github.com/IBM/ibmcloud-object-storage-plugin/provisioner/ibm-s3fs-provisioner.go:471.2,492.8 1 31
github.com/IBM/ibmcloud-object-storage-plugin/provisioner/ibm-s3fs-provisioner.go:188.16,190.3 1 1
github.com/IBM/ibmcloud-object-storage-plugin/provisioner/ibm-s3fs-provisioner.go:192.16,194.3 1 1
github.com/IBM/ibmcloud-object-storage-plugin/provisioner/ibm-s3fs-provisioner.go:196.31,198.3 1 60
github.com/IBM/ibmcloud-object-storage-plugin/provisioner/ibm-s3fs-provisioner.go:200.30,202.36 1 5
github.com/IBM/ibmcloud-object-storage-plugin/provisioner/ibm-s3fs-provisioner.go:202.36,205.18 2 4
github.com/IBM/ibmcloud-object-storage-plugin/provisioner/ibm-s3fs-provisioner.go:208.4,211.27 4 3
github.com/IBM/ibmcloud-object-storage-plugin/provisioner/ibm-s3fs-provisioner.go:205.18,207.5 1 1
github.com/IBM/ibmcloud-object-storage-plugin/provisioner/ibm-s3fs-provisioner.go:216.16,218.3 1 2
github.com/IBM/ibmcloud-object-storage-plugin/provisioner/ibm-s3fs-provisioner.go:222.24,224.3 1 4
github.com/IBM/ibmcloud-object-storage-plugin/provisioner/ibm-s3fs-provisioner.go:228.22,230.3 1 1
github.com/IBM/ibmcloud-object-storage-plugin/provisioner/ibm-s3fs-provisioner.go:232.100,237.3 1 1
github.com/IBM/ibmcloud-object-storage-plugin/provisioner/ibm-s3fs-provisioner.go:239.27,241.3 1 2
github.com/IBM/ibmcloud-object-storage-plugin/provisioner/ibm-s3fs-provisioner.go:243.102,248.3 1 1
github.com/IBM/ibmcloud-object-storage-plugin/provisioner/ibm-s3fs-provisioner.go:251.34,253.3 1 3
github.com/IBM/ibmcloud-object-storage-plugin/provisioner/ibm-s3fs-provisioner.go:254.33,256.17 2 56
github.com/IBM/ibmcloud-object-storage-plugin/provisioner/ibm-s3fs-provisioner.go:256.17,258.4 1 1
github.com/IBM/ibmcloud-object-storage-plugin/provisioner/ibm-s3fs-provisioner.go:258.9,258.28 1 55
github.com/IBM/ibmcloud-object-storage-plugin/provisioner/ibm-s3fs-provisioner.go:258.28,260.4 1 1
github.com/IBM/ibmcloud-object-storage-plugin/provisioner/ibm-s3fs-provisioner.go:264.38,266.3 1 3
github.com/IBM/ibmcloud-object-storage-plugin/provisioner/ibm-s3fs-provisioner.go:267.37,269.17 2 54
github.com/IBM/ibmcloud-object-storage-plugin/provisioner/ibm-s3fs-provisioner.go:269.17,271.4 1 1
github.com/IBM/ibmcloud-object-storage-plugin/provisioner/ibm-s3fs-provisioner.go:271.9,271.36 1 53
github.com/IBM/ibmcloud-object-storage-plugin/provisioner/ibm-s3fs-provisioner.go:271.36,273.4 1 1
github.com/IBM/ibmcloud-object-storage-plugin/provisioner/ibm-s3fs-provisioner.go:277.27,278.70 1 2
github.com/IBM/ibmcloud-object-storage-plugin/provisioner/ibm-s3fs-provisioner.go:278.70,280.4 1 1
github.com/IBM/ibmcloud-object-storage-plugin/provisioner/ibm-s3fs-provisioner.go:284.29,285.74 1 2
github.com/IBM/ibmcloud-object-storage-plugin/provisioner/ibm-s3fs-provisioner.go:285.74,287.4 1 1
github.com/IBM/ibmcloud-object-storage-plugin/provisioner/ibm-s3fs-provisioner.go:291.27,292.70 1 2
github.com/IBM/ibmcloud-object-storage-plugin/provisioner/ibm-s3fs-provisioner.go:292.70,294.4 1 1
github.com/IBM/ibmcloud-object-storage-plugin/provisioner/ibm-s3fs-provisioner.go:298.29,299.74 1 2
github.com/IBM/ibmcloud-object-storage-plugin/provisioner/ibm-s3fs-provisioner.go:299.74,301.4 1 1
github.com/IBM/ibmcloud-object-storage-plugin/provisioner/ibm-s3fs-provisioner.go:304.37,306.17 2 2
github.com/IBM/ibmcloud-object-storage-plugin/provisioner/ibm-s3fs-provisioner.go:309.3,309.55 1 1
github.com/IBM/ibmcloud-object-storage-plugin/provisioner/ibm-s3fs-provisioner.go:306.17,308.4 1 1
github.com/IBM/ibmcloud-object-storage-plugin/provisioner/ibm-s3fs-provisioner.go:312.39,314.17 2 2
github.com/IBM/ibmcloud-object-storage-plugin/provisioner/ibm-s3fs-provisioner.go:317.3,317.59 1 1
github.com/IBM/ibmcloud-object-storage-plugin/provisioner/ibm-s3fs-provisioner.go:314.17,316.4 1 1
github.com/IBM/ibmcloud-object-storage-plugin/provisioner/ibm-s3fs-provisioner.go:320.50,322.3 1 1
github.com/IBM/ibmcloud-object-storage-plugin/provisioner/ibm-s3fs-provisioner.go:324.26,325.28 1 6
github.com/IBM/ibmcloud-object-storage-plugin/provisioner/ibm-s3fs-provisioner.go:329.3,329.23 1 5
github.com/IBM/ibmcloud-object-storage-plugin/provisioner/ibm-s3fs-provisioner.go:333.3,334.17 2 4
github.com/IBM/ibmcloud-object-storage-plugin/provisioner/ibm-s3fs-provisioner.go:338.3,338.41 1 3
github.com/IBM/ibmcloud-object-storage-plugin/provisioner/ibm-s3fs-provisioner.go:325.28,327.4 1 1
github.com/IBM/ibmcloud-object-storage-plugin/provisioner/ibm-s3fs-provisioner.go:329.23,331.4 1 1
github.com/IBM/ibmcloud-object-storage-plugin/provisioner/ibm-s3fs-provisioner.go:334.17,336.4 1 1
github.com/IBM/ibmcloud-object-storage-plugin/provisioner/ibm-s3fs-provisioner.go:339.8,339.29 1 39
github.com/IBM/ibmcloud-object-storage-plugin/provisioner/ibm-s3fs-provisioner.go:339.29,341.3 1 1
github.com/IBM/ibmcloud-object-storage-plugin/provisioner/ibm-s3fs-provisioner.go:343.57,345.3 1 0
github.com/IBM/ibmcloud-object-storage-plugin/provisioner/ibm-s3fs-provisioner.go:345.8,347.3 1 41
github.com/IBM/ibmcloud-object-storage-plugin/provisioner/ibm-s3fs-provisioner.go:350.15,352.17 2 41
github.com/IBM/ibmcloud-object-storage-plugin/provisioner/ibm-s3fs-provisioner.go:356.3,357.94 2 38
github.com/IBM/ibmcloud-object-storage-plugin/provisioner/ibm-s3fs-provisioner.go:352.17,354.4 1 3
github.com/IBM/ibmcloud-object-storage-plugin/provisioner/ibm-s3fs-provisioner.go:360.26,361.58 1 6
github.com/IBM/ibmcloud-object-storage-plugin/provisioner/ibm-s3fs-provisioner.go:364.3,365.16 2 5
github.com/IBM/ibmcloud-object-storage-plugin/provisioner/ibm-s3fs-provisioner.go:368.3,368.17 1 5
github.com/IBM/ibmcloud-object-storage-plugin/provisioner/ibm-s3fs-provisioner.go:361.58,363.4 1 1
github.com/IBM/ibmcloud-object-storage-plugin/provisioner/ibm-s3fs-provisioner.go:365.16,367.4 1 0
github.com/IBM/ibmcloud-object-storage-plugin/provisioner/ibm-s3fs-provisioner.go:368.17,370.4 1 1
github.com/IBM/ibmcloud-object-storage-plugin/provisioner/ibm-s3fs-provisioner.go:373.15,375.17 2 36
github.com/IBM/ibmcloud-object-storage-plugin/provisioner/ibm-s3fs-provisioner.go:375.17,377.4 1 2
github.com/IBM/ibmcloud-object-storage-plugin/provisioner/ibm-s3fs-provisioner.go:380.26,382.17 2 3
github.com/IBM/ibmcloud-object-storage-plugin/provisioner/ibm-s3fs-provisioner.go:382.17,384.4 1 1
github.com/IBM/ibmcloud-object-storage-plugin/provisioner/ibm-s3fs-provisioner.go:384.9,384.20 1 2
github.com/IBM/ibmcloud-object-storage-plugin/provisioner/ibm-s3fs-provisioner.go:384.20,386.4 1 1
github.com/IBM/ibmcloud-object-storage-plugin/provisioner/ibm-s3fs-provisioner.go:389.18,391.3 1 1
github.com/IBM/ibmcloud-object-storage-plugin/provisioner/ibm-s3fs-provisioner.go:393.26,395.3 1 1
github.com/IBM/ibmcloud-object-storage-plugin/provisioner/ibm-s3fs-provisioner.go:397.19,399.3 1 1
github.com/IBM/ibmcloud-object-storage-plugin/provisioner/ibm-s3fs-provisioner.go:401.30,403.3 1 1
github.com/IBM/ibmcloud-object-storage-plugin/provisioner/ibm-s3fs-provisioner.go:408.25,410.3 1 1
github.com/IBM/ibmcloud-object-storage-plugin/provisioner/ibm-s3fs-provisioner.go:412.19,414.3 1 1
github.com/IBM/ibmcloud-object-storage-plugin/provisioner/ibm-s3fs-provisioner.go:439.16,441.3 1 0
github.com/IBM/ibmcloud-object-storage-plugin/provisioner/ibm-s3fs-provisioner.go:467.16,469.3 1 0
github.com/IBM/ibmcloud-object-storage-plugin/provisioner/ibm-s3fs-provisioner.go:496.68,507.16 8 7
github.com/IBM/ibmcloud-object-storage-plugin/provisioner/ibm-s3fs-provisioner.go:511.2,511.32 1 6
github.com/IBM/ibmcloud-object-storage-plugin/provisioner/ibm-s3fs-provisioner.go:518.2,518.12 1 3
github.com/IBM/ibmcloud-object-storage-plugin/provisioner/ibm-s3fs-provisioner.go:507.16,509.3 1 1
github.com/IBM/ibmcloud-object-storage-plugin/provisioner/ibm-s3fs-provisioner.go:511.32,513.17 2 6
github.com/IBM/ibmcloud-object-storage-plugin/provisioner/ibm-s3fs-provisioner.go:513.17,515.4 1 3
github.com/IBM/ibmcloud-object-storage-plugin/provisioner/ibm-s3fs-provisioner.go:521.124,526.16 4 6
github.com/IBM/ibmcloud-object-storage-plugin/provisioner/ibm-s3fs-provisioner.go:530.2,531.16 2 4
github.com/IBM/ibmcloud-object-storage-plugin/provisioner/ibm-s3fs-provisioner.go:534.2,537.44 3 4
github.com/IBM/ibmcloud-object-storage-plugin/provisioner/ibm-s3fs-provisioner.go:526.16,528.3 1 2
github.com/IBM/ibmcloud-object-storage-plugin/provisioner/ibm-s3fs-provisioner.go:531.16,533.3 1 0
github.com/IBM/ibmcloud-object-storage-plugin/driver/driver.go:101.44,102.16 1 33
github.com/IBM/ibmcloud-object-storage-plugin/driver/driver.go:105.2,106.16 2 30
github.com/IBM/ibmcloud-object-storage-plugin/driver/driver.go:102.16,104.3 1 3
github.com/IBM/ibmcloud-object-storage-plugin/driver/driver.go:106.16,108.3 1 2
github.com/IBM/ibmcloud-object-storage-plugin/driver/driver.go:108.8,108.31 1 28
github.com/IBM/ibmcloud-object-storage-plugin/driver/driver.go:108.31,110.3 1 28
github.com/IBM/ibmcloud-object-storage-plugin/driver/driver.go:110.8,110.32 1 0
github.com/IBM/ibmcloud-object-storage-plugin/driver/driver.go:110.32,112.3 1 0
github.com/IBM/ibmcloud-object-storage-plugin/driver/driver.go:112.8,114.3 1 0
github.com/IBM/ibmcloud-object-storage-plugin/driver/driver.go:118.37,119.16 1 0
github.com/IBM/ibmcloud-object-storage-plugin/driver/driver.go:122.2,123.26 2 0
github.com/IBM/ibmcloud-object-storage-plugin/driver/driver.go:133.2,133.81 1 0
github.com/IBM/ibmcloud-object-storage-plugin/driver/driver.go:119.16,121.3 1 0
github.com/IBM/ibmcloud-object-storage-plugin/driver/driver.go:124.11,125.15 1 0
github.com/IBM/ibmcloud-object-storage-plugin/driver/driver.go:126.21,127.27 1 0
github.com/IBM/ibmcloud-object-storage-plugin/driver/driver.go:128.21,129.27 1 0
github.com/IBM/ibmcloud-object-storage-plugin/driver/driver.go:130.24,131.27 1 0
github.com/IBM/ibmcloud-object-storage-plugin/driver/driver.go:143.38,145.2 1 0
github.com/IBM/ibmcloud-object-storage-plugin/driver/driver.go:148.31,150.2 1 0
github.com/IBM/ibmcloud-object-storage-plugin/driver/driver.go:153.66,159.16 4 6
github.com/IBM/ibmcloud-object-storage-plugin/driver/driver.go:168.2,168.50 1 5
github.com/IBM/ibmcloud-object-storage-plugin/driver/driver.go:159.16,160.71 1 1
github.com/IBM/ibmcloud-object-storage-plugin/driver/driver.go:160.71,162.4 1 0
github.com/IBM/ibmcloud-object-storage-plugin/driver/driver.go:162.9,164.4 1 1
github.com/IBM/ibmcloud-object-storage-plugin/driver/driver.go:168.50,172.3 2 3
github.com/IBM/ibmcloud-object-storage-plugin/driver/driver.go:172.8,172.61 1 2
github.com/IBM/ibmcloud-object-storage-plugin/driver/driver.go:172.61,176.3 2 1
github.com/IBM/ibmcloud-object-storage-plugin/driver/driver.go:176.8,180.3 2 1
github.com/IBM/ibmcloud-object-storage-plugin/driver/driver.go:183.71,188.16 3 33
github.com/IBM/ibmcloud-object-storage-plugin/driver/driver.go:202.2,203.37 2 2
github.com/IBM/ibmcloud-object-storage-plugin/driver/driver.go:220.2,220.12 1 1
github.com/IBM/ibmcloud-object-storage-plugin/driver/driver.go:231.2,231.12 1 1
github.com/IBM/ibmcloud-object-storage-plugin/driver/driver.go:188.16,190.17 1 31
github.com/IBM/ibmcloud-object-storage-plugin/driver/driver.go:190.17,194.4 2 28
github.com/IBM/ibmcloud-object-storage-plugin/driver/driver.go:194.9,198.4 2 3
github.com/IBM/ibmcloud-object-storage-plugin/driver/driver.go:203.37,207.41 3 2
github.com/IBM/ibmcloud-object-storage-plugin/driver/driver.go:207.41,212.18 3 1
github.com/IBM/ibmcloud-object-storage-plugin/driver/driver.go:212.18,216.5 2 1
github.com/IBM/ibmcloud-object-storage-plugin/driver/driver.go:220.12,224.17 3 0
github.com/IBM/ibmcloud-object-storage-plugin/driver/driver.go:224.17,228.4 2 0
github.com/IBM/ibmcloud-object-storage-plugin/driver/driver.go:234.68,239.16 3 23
github.com/IBM/ibmcloud-object-storage-plugin/driver/driver.go:245.2,248.16 3 23
github.com/IBM/ibmcloud-object-storage-plugin/driver/driver.go:255.2,258.16 3 22
github.com/IBM/ibmcloud-object-storage-plugin/driver/driver.go:264.2,264.12 1 21
github.com/IBM/ibmcloud-object-storage-plugin/driver/driver.go:239.16,241.3 1 0
github.com/IBM/ibmcloud-object-storage-plugin/driver/driver.go:248.16,252.3 2 1
github.com/IBM/ibmcloud-object-storage-plugin/driver/driver.go:258.16,262.3 2 1
github.com/IBM/ibmcloud-object-storage-plugin/driver/driver.go:268.59,277.2 3 1
github.com/IBM/ibmcloud-object-storage-plugin/driver/driver.go:279.114,284.2 3 28
github.com/IBM/ibmcloud-object-storage-plugin/driver/driver.go:286.138,291.2 3 4
github.com/IBM/ibmcloud-object-storage-plugin/driver/driver.go:293.68,298.16 3 25
github.com/IBM/ibmcloud-object-storage-plugin/driver/driver.go:317.2,317.12 1 23
github.com/IBM/ibmcloud-object-storage-plugin/driver/driver.go:298.16,301.3 1 23
github.com/IBM/ibmcloud-object-storage-plugin/driver/driver.go:301.8,302.25 1 2
github.com/IBM/ibmcloud-object-storage-plugin/driver/driver.go:302.25,306.18 3 1
github.com/IBM/ibmcloud-object-storage-plugin/driver/driver.go:306.18,310.5 2 1
github.com/IBM/ibmcloud-object-storage-plugin/driver/driver.go:311.9,315.4 2 1
github.com/IBM/ibmcloud-object-storage-plugin/driver/driver.go:321.90,329.16 7 42
github.com/IBM/ibmcloud-object-storage-plugin/driver/driver.go:336.2,336.30 1 41
github.com/IBM/ibmcloud-object-storage-plugin/driver/driver.go:342.2,342.34 1 41
github.com/IBM/ibmcloud-object-storage-plugin/driver/driver.go:350.2,350.94 1 41
github.com/IBM/ibmcloud-object-storage-plugin/driver/driver.go:362.2,362.38 1 40
github.com/IBM/ibmcloud-object-storage-plugin/driver/driver.go:379.2,379.42 1 38
github.com/IBM/ibmcloud-object-storage-plugin/driver/driver.go:395.2,395.41 1 36
github.com/IBM/ibmcloud-object-storage-plugin/driver/driver.go:406.2,406.43 1 35
github.com/IBM/ibmcloud-object-storage-plugin/driver/driver.go:416.2,416.29 1 34
github.com/IBM/ibmcloud-object-storage-plugin/driver/driver.go:449.2,449.18 1 30
github.com/IBM/ibmcloud-object-storage-plugin/driver/driver.go:467.2,467.31 1 29
github.com/IBM/ibmcloud-object-storage-plugin/driver/driver.go:499.2,506.16 2 28
github.com/IBM/ibmcloud-object-storage-plugin/driver/driver.go:513.2,513.30 1 27
github.com/IBM/ibmcloud-object-storage-plugin/driver/driver.go:533.2,534.16 2 25
github.com/IBM/ibmcloud-object-storage-plugin/driver/driver.go:541.2,544.16 4 23
github.com/IBM/ibmcloud-object-storage-plugin/driver/driver.go:550.2,550.15 1 21
github.com/IBM/ibmcloud-object-storage-plugin/driver/driver.go:562.2,563.18 2 21
github.com/IBM/ibmcloud-object-storage-plugin/driver/driver.go:568.2,568.16 1 21
github.com/IBM/ibmcloud-object-storage-plugin/driver/driver.go:573.2,574.34 2 20
github.com/IBM/ibmcloud-object-storage-plugin/driver/driver.go:580.2,580.30 1 20
github.com/IBM/ibmcloud-object-storage-plugin/driver/driver.go:589.2,607.61 2 20
github.com/IBM/ibmcloud-object-storage-plugin/driver/driver.go:616.2,616.42 1 20
github.com/IBM/ibmcloud-object-storage-plugin/driver/driver.go:621.2,621.38 1 20
github.com/IBM/ibmcloud-object-storage-plugin/driver/driver.go:625.2,625.42 1 20
github.com/IBM/ibmcloud-object-storage-plugin/driver/driver.go:629.2,629.23 1 20
github.com/IBM/ibmcloud-object-storage-plugin/driver/driver.go:633.2,633.23 1 20
github.com/IBM/ibmcloud-object-storage-plugin/driver/driver.go:637.2,637.25 1 20
github.com/IBM/ibmcloud-object-storage-plugin/driver/driver.go:641.2,641.18 1 20
github.com/IBM/ibmcloud-object-storage-plugin/driver/driver.go:648.2,648.41 1 20
github.com/IBM/ibmcloud-object-storage-plugin/driver/driver.go:652.2,652.43 1 20
github.com/IBM/ibmcloud-object-storage-plugin/driver/driver.go:656.2,656.22 1 20
github.com/IBM/ibmcloud-object-storage-plugin/driver/driver.go:660.2,661.16 2 20
github.com/IBM/ibmcloud-object-storage-plugin/driver/driver.go:669.2,673.16 3 20
github.com/IBM/ibmcloud-object-storage-plugin/driver/driver.go:677.2,680.16 3 20
github.com/IBM/ibmcloud-object-storage-plugin/driver/driver.go:686.2,687.16 2 19
github.com/IBM/ibmcloud-object-storage-plugin/driver/driver.go:695.2,696.12 2 19
github.com/IBM/ibmcloud-object-storage-plugin/driver/driver.go:329.16,333.3 2 1
github.com/IBM/ibmcloud-object-storage-plugin/driver/driver.go:336.30,338.3 1 41
github.com/IBM/ibmcloud-object-storage-plugin/driver/driver.go:338.8,340.3 1 0
github.com/IBM/ibmcloud-object-storage-plugin/driver/driver.go:342.34,344.3 1 40
github.com/IBM/ibmcloud-object-storage-plugin/driver/driver.go:344.8,344.33 1 1
github.com/IBM/ibmcloud-object-storage-plugin/driver/driver.go:344.33,346.3 1 0
github.com/IBM/ibmcloud-object-storage-plugin/driver/driver.go:346.8,348.3 1 1
github.com/IBM/ibmcloud-object-storage-plugin/driver/driver.go:350.94,359.3 2 1
github.com/IBM/ibmcloud-object-storage-plugin/driver/driver.go:362.38,364.17 2 3
github.com/IBM/ibmcloud-object-storage-plugin/driver/driver.go:370.3,370.21 1 2
github.com/IBM/ibmcloud-object-storage-plugin/driver/driver.go:364.17,369.4 2 1
github.com/IBM/ibmcloud-object-storage-plugin/driver/driver.go:370.21,375.4 2 1
github.com/IBM/ibmcloud-object-storage-plugin/driver/driver.go:379.42,381.17 2 3
github.com/IBM/ibmcloud-object-storage-plugin/driver/driver.go:381.17,386.4 2 1
github.com/IBM/ibmcloud-object-storage-plugin/driver/driver.go:386.9,386.36 1 2
github.com/IBM/ibmcloud-object-storage-plugin/driver/driver.go:386.36,391.4 2 1
github.com/IBM/ibmcloud-object-storage-plugin/driver/driver.go:395.41,397.17 2 2
github.com/IBM/ibmcloud-object-storage-plugin/driver/driver.go:397.17,402.4 2 1
github.com/IBM/ibmcloud-object-storage-plugin/driver/driver.go:406.43,408.17 2 2
github.com/IBM/ibmcloud-object-storage-plugin/driver/driver.go:408.17,413.4 2 1
github.com/IBM/ibmcloud-object-storage-plugin/driver/driver.go:416.29,418.17 2 5
github.com/IBM/ibmcloud-object-storage-plugin/driver/driver.go:424.3,425.17 2 4
github.com/IBM/ibmcloud-object-storage-plugin/driver/driver.go:418.17,423.4 2 1
github.com/IBM/ibmcloud-object-storage-plugin/driver/driver.go:425.17,430.4 2 1
github.com/IBM/ibmcloud-object-storage-plugin/driver/driver.go:431.8,433.17 2 29
github.com/IBM/ibmcloud-object-storage-plugin/driver/driver.go:440.3,441.17 2 28
github.com/IBM/ibmcloud-object-storage-plugin/driver/driver.go:433.17,438.4 2 1
github.com/IBM/ibmcloud-object-storage-plugin/driver/driver.go:441.17,446.4 2 1
github.com/IBM/ibmcloud-object-storage-plugin/driver/driver.go:449.18,450.32 1 3
github.com/IBM/ibmcloud-object-storage-plugin/driver/driver.go:450.32,452.4 1 1
github.com/IBM/ibmcloud-object-storage-plugin/driver/driver.go:452.9,453.114 1 2
github.com/IBM/ibmcloud-object-storage-plugin/driver/driver.go:453.114,462.5 2 1
github.com/IBM/ibmcloud-object-storage-plugin/driver/driver.go:462.10,464.5 1 1
github.com/IBM/ibmcloud-object-storage-plugin/driver/driver.go:467.31,470.33 3 2
github.com/IBM/ibmcloud-object-storage-plugin/driver/driver.go:476.3,479.17 4 2
github.com/IBM/ibmcloud-object-storage-plugin/driver/driver.go:485.3,486.17 2 1
github.com/IBM/ibmcloud-object-storage-plugin/driver/driver.go:491.3,492.17 2 1
github.com/IBM/ibmcloud-object-storage-plugin/driver/driver.go:470.33,472.4 1 2
github.com/IBM/ibmcloud-object-storage-plugin/driver/driver.go:472.9,475.4 2 0
github.com/IBM/ibmcloud-object-storage-plugin/driver/driver.go:479.17,483.4 2 1
github.com/IBM/ibmcloud-object-storage-plugin/driver/driver.go:486.17,490.4 2 0
github.com/IBM/ibmcloud-object-storage-plugin/driver/driver.go:492.17,496.4 2 0
github.com/IBM/ibmcloud-object-storage-plugin/driver/driver.go:506.16,510.3 2 1
github.com/IBM/ibmcloud-object-storage-plugin/driver/driver.go:513.30,521.17 2 4
github.com/IBM/ibmcloud-object-storage-plugin/driver/driver.go:521.17,525.4 2 1
github.com/IBM/ibmcloud-object-storage-plugin/driver/driver.go:525.9,525.20 1 3
github.com/IBM/ibmcloud-object-storage-plugin/driver/driver.go:525.20,529.4 2 1
github.com/IBM/ibmcloud-object-storage-plugin/driver/driver.go:534.16,538.3 2 2
github.com/IBM/ibmcloud-object-storage-plugin/driver/driver.go:544.16,548.3 2 2
github.com/IBM/ibmcloud-object-storage-plugin/driver/driver.go:550.15,552.12 1 21
github.com/IBM/ibmcloud-object-storage-plugin/driver/driver.go:552.12,554.23 2 2
github.com/IBM/ibmcloud-object-storage-plugin/driver/driver.go:554.23,557.5 1 0
github.com/IBM/ibmcloud-object-storage-plugin/driver/driver.go:563.18,565.3 1 2
github.com/IBM/ibmcloud-object-storage-plugin/driver/driver.go:565.8,567.3 1 19
github.com/IBM/ibmcloud-object-storage-plugin/driver/driver.go:568.16,572.3 2 1
github.com/IBM/ibmcloud-object-storage-plugin/driver/driver.go:574.34,576.3 1 19
github.com/IBM/ibmcloud-object-storage-plugin/driver/driver.go:576.8,578.3 1 1
github.com/IBM/ibmcloud-object-storage-plugin/driver/driver.go:580.30,581.49 1 2
github.com/IBM/ibmcloud-object-storage-plugin/driver/driver.go:581.49,583.4 1 1
github.com/IBM/ibmcloud-object-storage-plugin/driver/driver.go:583.9,585.4 1 1
github.com/IBM/ibmcloud-object-storage-plugin/driver/driver.go:586.8,588.3 1 18
github.com/IBM/ibmcloud-object-storage-plugin/driver/driver.go:607.61,610.3 2 1
github.com/IBM/ibmcloud-object-storage-plugin/driver/driver.go:610.8,610.80 1 19
github.com/IBM/ibmcloud-object-storage-plugin/driver/driver.go:610.80,613.3 2 1
github.com/IBM/ibmcloud-object-storage-plugin/driver/driver.go:616.42,618.3 1 1
github.com/IBM/ibmcloud-object-storage-plugin/driver/driver.go:621.38,623.3 1 1
github.com/IBM/ibmcloud-object-storage-plugin/driver/driver.go:625.42,627.3 1 1
github.com/IBM/ibmcloud-object-storage-plugin/driver/driver.go:629.23,631.3 1 1
github.com/IBM/ibmcloud-object-storage-plugin/driver/driver.go:633.23,635.3 1 1
github.com/IBM/ibmcloud-object-storage-plugin/driver/driver.go:637.25,639.3 1 1
github.com/IBM/ibmcloud-object-storage-plugin/driver/driver.go:641.18,644.3 2 2
github.com/IBM/ibmcloud-object-storage-plugin/driver/driver.go:644.8,646.3 1 18
github.com/IBM/ibmcloud-object-storage-plugin/driver/driver.go:648.41,650.3 1 1
github.com/IBM/ibmcloud-object-storage-plugin/driver/driver.go:652.43,654.3 1 1
github.com/IBM/ibmcloud-object-storage-plugin/driver/driver.go:656.22,658.3 1 1
github.com/IBM/ibmcloud-object-storage-plugin/driver/driver.go:661.16,667.3 1 20
github.com/IBM/ibmcloud-object-storage-plugin/driver/driver.go:673.16,676.3 2 19
github.com/IBM/ibmcloud-object-storage-plugin/driver/driver.go:680.16,684.3 2 1
github.com/IBM/ibmcloud-object-storage-plugin/driver/driver.go:687.16,693.3 1 19
github.com/IBM/ibmcloud-object-storage-plugin/driver/driver.go:700.106,705.16 4 42
github.com/IBM/ibmcloud-object-storage-plugin/driver/driver.go:715.2,721.3 2 19
github.com/IBM/ibmcloud-object-storage-plugin/driver/driver.go:705.16,713.3 2 23
github.com/IBM/ibmcloud-object-storage-plugin/driver/driver.go:725.112,730.16 4 2
github.com/IBM/ibmcloud-object-storage-plugin/driver/driver.go:740.2,746.3 2 1
github.com/IBM/ibmcloud-object-storage-plugin/driver/driver.go:730.16,738.3 2 1
github.com/IBM/ibmcloud-object-storage-plugin/driver/driver.go:750.96,752.16 2 2
github.com/IBM/ibmcloud-object-storage-plugin/driver/driver.go:759.2,761.16 3 1
github.com/IBM/ibmcloud-object-storage-plugin/driver/driver.go:767.2,767.12 1 1
github.com/IBM/ibmcloud-object-storage-plugin/driver/driver.go:752.16,757.3 2 1
github.com/IBM/ibmcloud-object-storage-plugin/driver/driver.go:761.16,765.3 2 0
