mode: atomic
github.com/IBM/ibmcloud-object-storage-plugin/utils/logger/logger.go:32.42,33.22 1 15
github.com/IBM/ibmcloud-object-storage-plugin/utils/logger/logger.go:33.22,35.3 1 15
github.com/IBM/ibmcloud-object-storage-plugin/utils/logger/logger.go:36.2,36.23 1 0
github.com/IBM/ibmcloud-object-storage-plugin/utils/logger/logger.go:42.68,45.16 3 2
github.com/IBM/ibmcloud-object-storage-plugin/utils/logger/logger.go:45.16,48.3 2 1
github.com/IBM/ibmcloud-object-storage-plugin/utils/logger/logger.go:49.2,49.26 1 1
github.com/IBM/ibmcloud-object-storage-plugin/utils/logger/logger.go:54.56,59.2 4 1
github.com/IBM/ibmcloud-object-storage-plugin/utils/logger/logger.go:64.102,66.23 2 4
github.com/IBM/ibmcloud-object-storage-plugin/utils/logger/logger.go:66.23,68.3 1 2
github.com/IBM/ibmcloud-object-storage-plugin/utils/logger/logger.go:69.2,69.16 1 2
github.com/IBM/ibmcloud-object-storage-plugin/utils/logger/logger.go:69.16,72.3 2 1
github.com/IBM/ibmcloud-object-storage-plugin/utils/logger/logger.go:73.2,73.24 1 1
github.com/IBM/ibmcloud-object-storage-plugin/utils/logger/logger.go:77.80,78.61 1 5
github.com/IBM/ibmcloud-object-storage-plugin/utils/logger/logger.go:78.61,80.3 1 1
github.com/IBM/ibmcloud-object-storage-plugin/utils/logger/logger.go:81.2,81.60 1 5
github.com/IBM/ibmcloud-object-storage-plugin/utils/logger/logger.go:81.60,83.3 1 5
github.com/IBM/ibmcloud-object-storage-plugin/utils/logger/logger.go:84.2,84.19 1 5
github.com/IBM/ibmcloud-object-storage-plugin/utils/logger/logger.go:89.42,94.2 4 15
github.com/IBM/ibmcloud-object-storage-plugin/utils/logger/logger.go:98.67,99.19 1 3
github.com/IBM/ibmcloud-object-storage-plugin/utils/logger/logger.go:99.19,101.3 1 1
github.com/IBM/ibmcloud-object-storage-plugin/utils/logger/logger.go:102.2,103.39 2 2
github.com/IBM/ibmcloud-object-storage-plugin/utils/logger/logger.go:109.65,110.16 1 8
github.com/IBM/ibmcloud-object-storage-plugin/utils/logger/logger.go:110.16,111.69 1 7
github.com/IBM/ibmcloud-object-storage-plugin/utils/logger/logger.go:111.69,113.4 1 6
github.com/IBM/ibmcloud-object-storage-plugin/utils/logger/logger.go:115.2,115.88 1 2
github.com/IBM/ibmcloud-object-storage-plugin/utils/logger/logger.go:121.65,122.16 1 4
github.com/IBM/ibmcloud-object-storage-plugin/utils/logger/logger.go:122.16,123.71 1 3
github.com/IBM/ibmcloud-object-storage-plugin/utils/logger/logger.go:123.71,125.4 1 2
github.com/IBM/ibmcloud-object-storage-plugin/utils/logger/logger.go:127.2,127.89 1 2
github.com/IBM/ibmcloud-object-storage-plugin/utils/logger/logger.go:133.47,137.2 2 4
github.com/IBM/ibmcloud-object-storage-plugin/utils/logger/logger.go:140.53,144.2 3 2
github.com/IBM/ibmcloud-object-storage-plugin/utils/backend/fake/fake_access_policy.go:42.74,46.2 1 0
github.com/IBM/ibmcloud-object-storage-plugin/utils/backend/fake/fake_access_policy.go:49.129,50.35 1 0
github.com/IBM/ibmcloud-object-storage-plugin/utils/backend/fake/fake_access_policy.go:50.35,52.3 1 0
github.com/IBM/ibmcloud-object-storage-plugin/utils/backend/fake/fake_access_policy.go:53.2,53.12 1 0
github.com/IBM/ibmcloud-object-storage-plugin/utils/backend/fake/fake_access_policy.go:57.153,58.35 1 0
github.com/IBM/ibmcloud-object-storage-plugin/utils/backend/fake/fake_access_policy.go:58.35,60.3 1 0
github.com/IBM/ibmcloud-object-storage-plugin/utils/backend/fake/fake_access_policy.go:61.2,61.12 1 0
github.com/IBM/ibmcloud-object-storage-plugin/utils/backend/fake/fake_backend.go:58.178,65.2 4 0
github.com/IBM/ibmcloud-object-storage-plugin/utils/backend/fake/fake_backend.go:68.52,76.2 7 0
github.com/IBM/ibmcloud-object-storage-plugin/utils/backend/fake/fake_backend.go:78.75,80.37 2 0
github.com/IBM/ibmcloud-object-storage-plugin/utils/backend/fake/fake_backend.go:80.37,82.3 1 0
github.com/IBM/ibmcloud-object-storage-plugin/utils/backend/fake/fake_backend.go:83.2,83.12 1 0
github.com/IBM/ibmcloud-object-storage-plugin/utils/backend/fake/fake_backend.go:86.102,87.45 1 0
github.com/IBM/ibmcloud-object-storage-plugin/utils/backend/fake/fake_backend.go:87.45,89.3 1 0
github.com/IBM/ibmcloud-object-storage-plugin/utils/backend/fake/fake_backend.go:89.8,89.59 1 0
github.com/IBM/ibmcloud-object-storage-plugin/utils/backend/fake/fake_backend.go:89.59,91.3 1 0
github.com/IBM/ibmcloud-object-storage-plugin/utils/backend/fake/fake_backend.go:92.2,92.18 1 0
github.com/IBM/ibmcloud-object-storage-plugin/utils/backend/fake/fake_backend.go:95.121,97.32 2 0
github.com/IBM/ibmcloud-object-storage-plugin/utils/backend/fake/fake_backend.go:97.32,99.3 1 0
github.com/IBM/ibmcloud-object-storage-plugin/utils/backend/fake/fake_backend.go:100.2,100.16 1 0
github.com/IBM/ibmcloud-object-storage-plugin/utils/backend/fake/fake_backend.go:103.70,105.32 2 0
github.com/IBM/ibmcloud-object-storage-plugin/utils/backend/fake/fake_backend.go:105.32,107.3 1 0
github.com/IBM/ibmcloud-object-storage-plugin/utils/backend/fake/fake_backend.go:108.2,108.12 1 0
github.com/IBM/ibmcloud-object-storage-plugin/utils/backend/fake/fake_backend.go:111.101,113.39 2 0
github.com/IBM/ibmcloud-object-storage-plugin/utils/backend/fake/fake_backend.go:113.39,115.3 1 0
github.com/IBM/ibmcloud-object-storage-plugin/utils/backend/fake/fake_backend.go:116.2,116.13 1 0
github.com/IBM/ibmcloud-object-storage-plugin/utils/backend/fake/fake_backend.go:116.13,118.3 1 0
github.com/IBM/ibmcloud-object-storage-plugin/utils/backend/fake/fake_backend.go:119.2,119.25 1 0
github.com/IBM/ibmcloud-object-storage-plugin/utils/parser/parser.go:22.51,24.16 2 2
github.com/IBM/ibmcloud-object-storage-plugin/utils/parser/parser.go:24.16,26.3 1 1
github.com/IBM/ibmcloud-object-storage-plugin/utils/parser/parser.go:28.2,28.27 1 1
github.com/IBM/ibmcloud-object-storage-plugin/utils/parser/parser.go:32.62,34.16 2 2
github.com/IBM/ibmcloud-object-storage-plugin/utils/parser/parser.go:34.16,36.3 1 0
github.com/IBM/ibmcloud-object-storage-plugin/utils/parser/parser.go:37.2,38.16 2 2
github.com/IBM/ibmcloud-object-storage-plugin/utils/parser/parser.go:38.16,40.3 1 1
github.com/IBM/ibmcloud-object-storage-plugin/utils/parser/parser.go:41.2,41.12 1 1
github.com/IBM/ibmcloud-object-storage-plugin/utils/parser/parser.go:45.61,49.16 3 4
github.com/IBM/ibmcloud-object-storage-plugin/utils/parser/parser.go:49.16,51.3 1 1
github.com/IBM/ibmcloud-object-storage-plugin/utils/parser/parser.go:52.2,53.16 2 3
github.com/IBM/ibmcloud-object-storage-plugin/utils/parser/parser.go:53.16,55.3 1 1
github.com/IBM/ibmcloud-object-storage-plugin/utils/parser/parser.go:57.2,59.22 2 2
github.com/IBM/ibmcloud-object-storage-plugin/utils/parser/parser.go:59.22,61.10 2 2
github.com/IBM/ibmcloud-object-storage-plugin/utils/parser/parser.go:61.10,63.4 1 1
github.com/IBM/ibmcloud-object-storage-plugin/utils/parser/parser.go:64.3,64.21 1 1
github.com/IBM/ibmcloud-object-storage-plugin/utils/parser/parser.go:66.2,66.17 1 1
github.com/IBM/ibmcloud-object-storage-plugin/utils/parser/parser.go:70.44,73.29 3 2
github.com/IBM/ibmcloud-object-storage-plugin/utils/parser/parser.go:73.29,75.15 2 5
github.com/IBM/ibmcloud-object-storage-plugin/utils/parser/parser.go:75.15,76.30 1 5
github.com/IBM/ibmcloud-object-storage-plugin/utils/parser/parser.go:76.30,78.5 1 2
github.com/IBM/ibmcloud-object-storage-plugin/utils/parser/parser.go:82.2,82.28 1 2
github.com/IBM/ibmcloud-object-storage-plugin/utils/parser/parser.go:82.28,84.3 1 1
github.com/IBM/ibmcloud-object-storage-plugin/utils/parser/parser.go:84.8,86.3 1 1
github.com/IBM/ibmcloud-object-storage-plugin/ibm-provider/provider/fake-provider/provider_grpc_fake.pb.go:49.118,51.2 1 0
github.com/IBM/ibmcloud-object-storage-plugin/ibm-provider/provider/fake-provider/provider_grpc_fake.pb.go:56.40,58.33 2 0
github.com/IBM/ibmcloud-object-storage-plugin/ibm-provider/provider/fake-provider/provider_grpc_fake.pb.go:58.33,60.3 1 0
github.com/IBM/ibmcloud-object-storage-plugin/ibm-provider/provider/fake-provider/provider_grpc_fake.pb.go:60.8,60.42 1 0
github.com/IBM/ibmcloud-object-storage-plugin/ibm-provider/provider/fake-provider/provider_grpc_fake.pb.go:60.42,62.3 1 0
github.com/IBM/ibmcloud-object-storage-plugin/ibm-provider/provider/fake-provider/provider_grpc_fake.pb.go:62.8,62.40 1 0
github.com/IBM/ibmcloud-object-storage-plugin/ibm-provider/provider/fake-provider/provider_grpc_fake.pb.go:62.40,64.3 1 0
github.com/IBM/ibmcloud-object-storage-plugin/ibm-provider/provider/fake-provider/provider_grpc_fake.pb.go:64.8,64.39 1 0
github.com/IBM/ibmcloud-object-storage-plugin/ibm-provider/provider/fake-provider/provider_grpc_fake.pb.go:64.39,66.3 1 0
github.com/IBM/ibmcloud-object-storage-plugin/ibm-provider/provider/fake-provider/provider_grpc_fake.pb.go:67.2,68.17 2 0
github.com/IBM/ibmcloud-object-storage-plugin/ibm-provider/provider/fake-provider/provider_grpc_fake.pb.go:74.42,76.63 2 0
github.com/IBM/ibmcloud-object-storage-plugin/ibm-provider/provider/fake-provider/provider_grpc_fake.pb.go:76.63,78.3 1 0
github.com/IBM/ibmcloud-object-storage-plugin/ibm-provider/provider/fake-provider/provider_grpc_fake.pb.go:78.8,78.71 1 0
github.com/IBM/ibmcloud-object-storage-plugin/ibm-provider/provider/fake-provider/provider_grpc_fake.pb.go:78.71,80.3 1 0
github.com/IBM/ibmcloud-object-storage-plugin/ibm-provider/provider/fake-provider/provider_grpc_fake.pb.go:80.8,80.70 1 0
github.com/IBM/ibmcloud-object-storage-plugin/ibm-provider/provider/fake-provider/provider_grpc_fake.pb.go:80.70,82.3 1 0
github.com/IBM/ibmcloud-object-storage-plugin/ibm-provider/provider/fake-provider/provider_grpc_fake.pb.go:82.8,84.3 1 0
github.com/IBM/ibmcloud-object-storage-plugin/ibm-provider/provider/fake-provider/provider_grpc_fake.pb.go:85.2,86.17 2 0
github.com/IBM/ibmcloud-object-storage-plugin/utils/grpc-client/fake-grpc/fake_grpc_client.go:37.74,41.2 1 0
github.com/IBM/ibmcloud-object-storage-plugin/utils/grpc-client/fake-grpc/fake_grpc_client.go:44.145,45.34 1 0
github.com/IBM/ibmcloud-object-storage-plugin/utils/grpc-client/fake-grpc/fake_grpc_client.go:45.34,47.3 1 0
github.com/IBM/ibmcloud-object-storage-plugin/utils/grpc-client/fake-grpc/fake_grpc_client.go:48.2,48.18 1 0
github.com/IBM/ibmcloud-object-storage-plugin/ibm-provider/provider/provider.pb.go:47.39,49.29 2 0
github.com/IBM/ibmcloud-object-storage-plugin/ibm-provider/provider/provider.pb.go:49.29,53.3 3 0
github.com/IBM/ibmcloud-object-storage-plugin/ibm-provider/provider/provider.pb.go:56.47,58.2 1 0
github.com/IBM/ibmcloud-object-storage-plugin/ibm-provider/provider/provider.pb.go:60.45,60.46 0 0
github.com/IBM/ibmcloud-object-storage-plugin/ibm-provider/provider/provider.pb.go:62.67,64.41 2 0
github.com/IBM/ibmcloud-object-storage-plugin/ibm-provider/provider/provider.pb.go:64.41,66.34 2 0
github.com/IBM/ibmcloud-object-storage-plugin/ibm-provider/provider/provider.pb.go:66.34,68.4 1 0
github.com/IBM/ibmcloud-object-storage-plugin/ibm-provider/provider/provider.pb.go:69.3,69.12 1 0
github.com/IBM/ibmcloud-object-storage-plugin/ibm-provider/provider/provider.pb.go:71.2,71.24 1 0
github.com/IBM/ibmcloud-object-storage-plugin/ibm-provider/provider/provider.pb.go:75.58,77.2 1 0
github.com/IBM/ibmcloud-object-storage-plugin/ibm-provider/provider/provider.pb.go:79.46,80.14 1 0
github.com/IBM/ibmcloud-object-storage-plugin/ibm-provider/provider/provider.pb.go:80.14,82.3 1 0
github.com/IBM/ibmcloud-object-storage-plugin/ibm-provider/provider/provider.pb.go:83.2,83.11 1 0
github.com/IBM/ibmcloud-object-storage-plugin/ibm-provider/provider/provider.pb.go:95.37,97.29 2 0
github.com/IBM/ibmcloud-object-storage-plugin/ibm-provider/provider/provider.pb.go:97.29,101.3 3 0
github.com/IBM/ibmcloud-object-storage-plugin/ibm-provider/provider/provider.pb.go:104.45,106.2 1 0
github.com/IBM/ibmcloud-object-storage-plugin/ibm-provider/provider/provider.pb.go:108.43,108.44 0 0
github.com/IBM/ibmcloud-object-storage-plugin/ibm-provider/provider/provider.pb.go:110.65,112.41 2 0
github.com/IBM/ibmcloud-object-storage-plugin/ibm-provider/provider/provider.pb.go:112.41,114.34 2 0
github.com/IBM/ibmcloud-object-storage-plugin/ibm-provider/provider/provider.pb.go:114.34,116.4 1 0
github.com/IBM/ibmcloud-object-storage-plugin/ibm-provider/provider/provider.pb.go:117.3,117.12 1 0
github.com/IBM/ibmcloud-object-storage-plugin/ibm-provider/provider/provider.pb.go:119.2,119.24 1 0
github.com/IBM/ibmcloud-object-storage-plugin/ibm-provider/provider/provider.pb.go:123.56,125.2 1 0
github.com/IBM/ibmcloud-object-storage-plugin/ibm-provider/provider/provider.pb.go:127.46,128.14 1 0
github.com/IBM/ibmcloud-object-storage-plugin/ibm-provider/provider/provider.pb.go:128.14,130.3 1 0
github.com/IBM/ibmcloud-object-storage-plugin/ibm-provider/provider/provider.pb.go:131.2,131.11 1 0
github.com/IBM/ibmcloud-object-storage-plugin/ibm-provider/provider/provider.pb.go:143.41,145.29 2 0
github.com/IBM/ibmcloud-object-storage-plugin/ibm-provider/provider/provider.pb.go:145.29,149.3 3 0
github.com/IBM/ibmcloud-object-storage-plugin/ibm-provider/provider/provider.pb.go:152.49,154.2 1 0
github.com/IBM/ibmcloud-object-storage-plugin/ibm-provider/provider/provider.pb.go:156.47,156.48 0 0
github.com/IBM/ibmcloud-object-storage-plugin/ibm-provider/provider/provider.pb.go:158.69,160.41 2 0
github.com/IBM/ibmcloud-object-storage-plugin/ibm-provider/provider/provider.pb.go:160.41,162.34 2 0
github.com/IBM/ibmcloud-object-storage-plugin/ibm-provider/provider/provider.pb.go:162.34,164.4 1 0
github.com/IBM/ibmcloud-object-storage-plugin/ibm-provider/provider/provider.pb.go:165.3,165.12 1 0
github.com/IBM/ibmcloud-object-storage-plugin/ibm-provider/provider/provider.pb.go:167.2,167.24 1 0
github.com/IBM/ibmcloud-object-storage-plugin/ibm-provider/provider/provider.pb.go:171.60,173.2 1 0
github.com/IBM/ibmcloud-object-storage-plugin/ibm-provider/provider/provider.pb.go:175.48,176.14 1 0
github.com/IBM/ibmcloud-object-storage-plugin/ibm-provider/provider/provider.pb.go:176.14,178.3 1 0
github.com/IBM/ibmcloud-object-storage-plugin/ibm-provider/provider/provider.pb.go:179.2,179.11 1 0
github.com/IBM/ibmcloud-object-storage-plugin/ibm-provider/provider/provider.pb.go:191.39,193.29 2 0
github.com/IBM/ibmcloud-object-storage-plugin/ibm-provider/provider/provider.pb.go:193.29,197.3 3 0
github.com/IBM/ibmcloud-object-storage-plugin/ibm-provider/provider/provider.pb.go:200.47,202.2 1 0
github.com/IBM/ibmcloud-object-storage-plugin/ibm-provider/provider/provider.pb.go:204.45,204.46 0 0
github.com/IBM/ibmcloud-object-storage-plugin/ibm-provider/provider/provider.pb.go:206.67,208.41 2 0
github.com/IBM/ibmcloud-object-storage-plugin/ibm-provider/provider/provider.pb.go:208.41,210.34 2 0
github.com/IBM/ibmcloud-object-storage-plugin/ibm-provider/provider/provider.pb.go:210.34,212.4 1 0
github.com/IBM/ibmcloud-object-storage-plugin/ibm-provider/provider/provider.pb.go:213.3,213.12 1 0
github.com/IBM/ibmcloud-object-storage-plugin/ibm-provider/provider/provider.pb.go:215.2,215.24 1 0
github.com/IBM/ibmcloud-object-storage-plugin/ibm-provider/provider/provider.pb.go:219.58,221.2 1 0
github.com/IBM/ibmcloud-object-storage-plugin/ibm-provider/provider/provider.pb.go:223.47,224.14 1 0
github.com/IBM/ibmcloud-object-storage-plugin/ibm-provider/provider/provider.pb.go:224.14,226.3 1 0
github.com/IBM/ibmcloud-object-storage-plugin/ibm-provider/provider/provider.pb.go:227.2,227.11 1 0
github.com/IBM/ibmcloud-object-storage-plugin/ibm-provider/provider/provider.pb.go:272.56,273.53 1 0
github.com/IBM/ibmcloud-object-storage-plugin/ibm-provider/provider/provider.pb.go:273.53,275.3 1 0
github.com/IBM/ibmcloud-object-storage-plugin/ibm-provider/provider/provider.pb.go:276.2,276.49 1 0
github.com/IBM/ibmcloud-object-storage-plugin/ibm-provider/provider/provider.pb.go:298.13,298.52 1 0
github.com/IBM/ibmcloud-object-storage-plugin/ibm-provider/provider/provider.pb.go:299.42,300.41 1 0
github.com/IBM/ibmcloud-object-storage-plugin/ibm-provider/provider/provider.pb.go:300.41,302.3 1 0
github.com/IBM/ibmcloud-object-storage-plugin/ibm-provider/provider/provider.pb.go:303.2,303.30 1 0
github.com/IBM/ibmcloud-object-storage-plugin/ibm-provider/provider/provider.pb.go:303.30,304.94 1 0
github.com/IBM/ibmcloud-object-storage-plugin/ibm-provider/provider/provider.pb.go:304.94,305.44 1 0
github.com/IBM/ibmcloud-object-storage-plugin/ibm-provider/provider/provider.pb.go:306.11,307.20 1 0
github.com/IBM/ibmcloud-object-storage-plugin/ibm-provider/provider/provider.pb.go:308.11,309.24 1 0
github.com/IBM/ibmcloud-object-storage-plugin/ibm-provider/provider/provider.pb.go:310.11,311.28 1 0
github.com/IBM/ibmcloud-object-storage-plugin/ibm-provider/provider/provider.pb.go:312.12,313.15 1 0
github.com/IBM/ibmcloud-object-storage-plugin/ibm-provider/provider/provider.pb.go:316.3,316.94 1 0
github.com/IBM/ibmcloud-object-storage-plugin/ibm-provider/provider/provider.pb.go:316.94,317.42 1 0
github.com/IBM/ibmcloud-object-storage-plugin/ibm-provider/provider/provider.pb.go:318.11,319.20 1 0
github.com/IBM/ibmcloud-object-storage-plugin/ibm-provider/provider/provider.pb.go:320.11,321.24 1 0
github.com/IBM/ibmcloud-object-storage-plugin/ibm-provider/provider/provider.pb.go:322.11,323.28 1 0
github.com/IBM/ibmcloud-object-storage-plugin/ibm-provider/provider/provider.pb.go:324.12,325.15 1 0
github.com/IBM/ibmcloud-object-storage-plugin/ibm-provider/provider/provider.pb.go:328.3,328.94 1 0
github.com/IBM/ibmcloud-object-storage-plugin/ibm-provider/provider/provider.pb.go:328.94,329.46 1 0
github.com/IBM/ibmcloud-object-storage-plugin/ibm-provider/provider/provider.pb.go:330.11,331.20 1 0
github.com/IBM/ibmcloud-object-storage-plugin/ibm-provider/provider/provider.pb.go:332.11,333.24 1 0
github.com/IBM/ibmcloud-object-storage-plugin/ibm-provider/provider/provider.pb.go:334.11,335.28 1 0
github.com/IBM/ibmcloud-object-storage-plugin/ibm-provider/provider/provider.pb.go:336.12,337.15 1 0
github.com/IBM/ibmcloud-object-storage-plugin/ibm-provider/provider/provider.pb.go:340.3,340.94 1 0
github.com/IBM/ibmcloud-object-storage-plugin/ibm-provider/provider/provider.pb.go:340.94,341.44 1 0
github.com/IBM/ibmcloud-object-storage-plugin/ibm-provider/provider/provider.pb.go:342.11,343.20 1 0
github.com/IBM/ibmcloud-object-storage-plugin/ibm-provider/provider/provider.pb.go:344.11,345.24 1 0
github.com/IBM/ibmcloud-object-storage-plugin/ibm-provider/provider/provider.pb.go:346.11,347.28 1 0
github.com/IBM/ibmcloud-object-storage-plugin/ibm-provider/provider/provider.pb.go:348.12,349.15 1 0
github.com/IBM/ibmcloud-object-storage-plugin/ibm-provider/provider/provider.pb.go:353.2,370.44 6 0
github.com/IBM/ibmcloud-object-storage-plugin/ibm-provider/provider/provider_grpc.pb.go:37.102,39.2 1 0
github.com/IBM/ibmcloud-object-storage-plugin/ibm-provider/provider/provider_grpc.pb.go:44.31,47.16 3 0
github.com/IBM/ibmcloud-object-storage-plugin/ibm-provider/provider/provider_grpc.pb.go:47.16,49.3 1 0
github.com/IBM/ibmcloud-object-storage-plugin/ibm-provider/provider/provider_grpc.pb.go:50.2,50.17 1 0
github.com/IBM/ibmcloud-object-storage-plugin/ibm-provider/provider/provider_grpc.pb.go:56.33,59.16 3 0
github.com/IBM/ibmcloud-object-storage-plugin/ibm-provider/provider/provider_grpc.pb.go:59.16,61.3 1 0
github.com/IBM/ibmcloud-object-storage-plugin/ibm-provider/provider/provider_grpc.pb.go:62.2,62.17 1 0
github.com/IBM/ibmcloud-object-storage-plugin/ibm-provider/provider/provider_grpc.pb.go:80.31,82.2 1 0
github.com/IBM/ibmcloud-object-storage-plugin/ibm-provider/provider/provider_grpc.pb.go:85.33,87.2 1 0
github.com/IBM/ibmcloud-object-storage-plugin/ibm-provider/provider/provider_grpc.pb.go:88.83,88.84 0 0
github.com/IBM/ibmcloud-object-storage-plugin/ibm-provider/provider/provider_grpc.pb.go:90.71,92.2 1 0
github.com/IBM/ibmcloud-object-storage-plugin/ibm-provider/provider/provider_grpc.pb.go:98.24,100.32 2 0
github.com/IBM/ibmcloud-object-storage-plugin/ibm-provider/provider/provider_grpc.pb.go:100.32,102.3 1 0
github.com/IBM/ibmcloud-object-storage-plugin/ibm-provider/provider/provider_grpc.pb.go:103.2,103.24 1 0
github.com/IBM/ibmcloud-object-storage-plugin/ibm-provider/provider/provider_grpc.pb.go:103.24,105.3 1 0
github.com/IBM/ibmcloud-object-storage-plugin/ibm-provider/provider/provider_grpc.pb.go:106.2,110.77 2 0
github.com/IBM/ibmcloud-object-storage-plugin/ibm-provider/provider/provider_grpc.pb.go:110.77,112.3 1 0
github.com/IBM/ibmcloud-object-storage-plugin/ibm-provider/provider/provider_grpc.pb.go:113.2,113.44 1 0
github.com/IBM/ibmcloud-object-storage-plugin/ibm-provider/provider/provider_grpc.pb.go:116.174,118.32 2 0
github.com/IBM/ibmcloud-object-storage-plugin/ibm-provider/provider/provider_grpc.pb.go:118.32,120.3 1 0
github.com/IBM/ibmcloud-object-storage-plugin/ibm-provider/provider/provider_grpc.pb.go:121.2,121.24 1 0
github.com/IBM/ibmcloud-object-storage-plugin/ibm-provider/provider/provider_grpc.pb.go:121.24,123.3 1 0
github.com/IBM/ibmcloud-object-storage-plugin/ibm-provider/provider/provider_grpc.pb.go:124.2,128.77 2 0
github.com/IBM/ibmcloud-object-storage-plugin/ibm-provider/provider/provider_grpc.pb.go:128.77,130.3 1 0
github.com/IBM/ibmcloud-object-storage-plugin/ibm-provider/provider/provider_grpc.pb.go:131.2,131.44 1 0
github.com/IBM/ibmcloud-object-storage-plugin/utils/grpc-client/grpc_client.go:37.94,41.2 3 0
github.com/IBM/ibmcloud-object-storage-plugin/utils/grpc-client/grpc_client.go:50.55,52.2 1 1
github.com/IBM/ibmcloud-object-storage-plugin/utils/grpc-client/grpc_client.go:57.109,59.16 2 2
github.com/IBM/ibmcloud-object-storage-plugin/utils/grpc-client/grpc_client.go:59.16,61.3 1 1
github.com/IBM/ibmcloud-object-storage-plugin/utils/grpc-client/grpc_client.go:62.2,62.18 1 1
github.com/IBM/ibmcloud-object-storage-plugin/utils/uuid/uuid.go:32.44,34.2 1 1
github.com/IBM/ibmcloud-object-storage-plugin/utils/uuid/uuid.go:37.49,40.34 3 101
github.com/IBM/ibmcloud-object-storage-plugin/utils/uuid/uuid.go:40.34,42.3 1 1
github.com/IBM/ibmcloud-object-storage-plugin/utils/uuid/uuid.go:44.2,47.99 3 100
github.com/IBM/ibmcloud-object-storage-plugin/utils/backend/access_policy.go:46.159,48.2 1 0
github.com/IBM/ibmcloud-object-storage-plugin/utils/backend/access_policy.go:50.58,53.2 1 1
github.com/IBM/ibmcloud-object-storage-plugin/utils/backend/access_policy.go:58.116,61.28 2 2
github.com/IBM/ibmcloud-object-storage-plugin/utils/backend/access_policy.go:61.28,63.3 1 2
github.com/IBM/ibmcloud-object-storage-plugin/utils/backend/access_policy.go:65.2,83.21 5 2
github.com/IBM/ibmcloud-object-storage-plugin/utils/backend/access_policy.go:83.21,85.3 1 1
github.com/IBM/ibmcloud-object-storage-plugin/utils/backend/access_policy.go:86.2,86.12 1 2
github.com/IBM/ibmcloud-object-storage-plugin/utils/backend/access_policy.go:90.140,95.43 3 2
github.com/IBM/ibmcloud-object-storage-plugin/utils/backend/access_policy.go:95.43,97.3 1 0
github.com/IBM/ibmcloud-object-storage-plugin/utils/backend/access_policy.go:97.8,99.3 1 2
github.com/IBM/ibmcloud-object-storage-plugin/utils/backend/access_policy.go:101.2,120.21 7 2
github.com/IBM/ibmcloud-object-storage-plugin/utils/backend/access_policy.go:120.21,122.3 1 1
github.com/IBM/ibmcloud-object-storage-plugin/utils/backend/access_policy.go:123.2,123.12 1 2
github.com/IBM/ibmcloud-object-storage-plugin/utils/backend/backend.go:90.152,92.24 2 2
github.com/IBM/ibmcloud-object-storage-plugin/utils/backend/backend.go:92.24,94.3 1 1
github.com/IBM/ibmcloud-object-storage-plugin/utils/backend/backend.go:94.8,96.3 1 1
github.com/IBM/ibmcloud-object-storage-plugin/utils/backend/backend.go:97.2,107.3 2 2
github.com/IBM/ibmcloud-object-storage-plugin/utils/backend/backend.go:111.61,115.16 2 2
github.com/IBM/ibmcloud-object-storage-plugin/utils/backend/backend.go:115.16,116.122 1 1
github.com/IBM/ibmcloud-object-storage-plugin/utils/backend/backend.go:116.122,119.4 2 0
github.com/IBM/ibmcloud-object-storage-plugin/utils/backend/backend.go:122.2,122.12 1 2
github.com/IBM/ibmcloud-object-storage-plugin/utils/backend/backend.go:126.88,127.40 1 4
github.com/IBM/ibmcloud-object-storage-plugin/utils/backend/backend.go:127.40,129.3 1 4
github.com/IBM/ibmcloud-object-storage-plugin/utils/backend/backend.go:130.2,130.41 1 4
github.com/IBM/ibmcloud-object-storage-plugin/utils/backend/backend.go:130.41,132.3 1 4
github.com/IBM/ibmcloud-object-storage-plugin/utils/backend/backend.go:134.2,140.16 2 4
github.com/IBM/ibmcloud-object-storage-plugin/utils/backend/backend.go:140.16,142.3 1 1
github.com/IBM/ibmcloud-object-storage-plugin/utils/backend/backend.go:144.2,144.29 1 3
github.com/IBM/ibmcloud-object-storage-plugin/utils/backend/backend.go:144.29,146.80 2 3
github.com/IBM/ibmcloud-object-storage-plugin/utils/backend/backend.go:146.80,148.4 1 1
github.com/IBM/ibmcloud-object-storage-plugin/utils/backend/backend.go:150.2,150.19 1 2
github.com/IBM/ibmcloud-object-storage-plugin/utils/backend/backend.go:154.107,156.24 2 3
github.com/IBM/ibmcloud-object-storage-plugin/utils/backend/backend.go:156.24,165.3 1 3
github.com/IBM/ibmcloud-object-storage-plugin/utils/backend/backend.go:165.8,172.3 1 0
github.com/IBM/ibmcloud-object-storage-plugin/utils/backend/backend.go:174.2,174.16 1 3
github.com/IBM/ibmcloud-object-storage-plugin/utils/backend/backend.go:174.16,175.85 1 2
github.com/IBM/ibmcloud-object-storage-plugin/utils/backend/backend.go:175.85,178.4 2 1
github.com/IBM/ibmcloud-object-storage-plugin/utils/backend/backend.go:178.9,178.129 1 1
github.com/IBM/ibmcloud-object-storage-plugin/utils/backend/backend.go:178.129,181.4 2 0
github.com/IBM/ibmcloud-object-storage-plugin/utils/backend/backend.go:182.3,182.17 1 1
github.com/IBM/ibmcloud-object-storage-plugin/utils/backend/backend.go:184.2,184.16 1 1
github.com/IBM/ibmcloud-object-storage-plugin/utils/backend/backend.go:188.56,193.16 2 5
github.com/IBM/ibmcloud-object-storage-plugin/utils/backend/backend.go:193.16,194.74 1 2
github.com/IBM/ibmcloud-object-storage-plugin/utils/backend/backend.go:194.74,197.4 2 1
github.com/IBM/ibmcloud-object-storage-plugin/utils/backend/backend.go:199.3,199.64 1 1
github.com/IBM/ibmcloud-object-storage-plugin/utils/backend/backend.go:202.2,202.36 1 3
github.com/IBM/ibmcloud-object-storage-plugin/utils/backend/backend.go:202.36,208.17 2 3
github.com/IBM/ibmcloud-object-storage-plugin/utils/backend/backend.go:208.17,210.4 1 1
github.com/IBM/ibmcloud-object-storage-plugin/utils/backend/backend.go:213.2,216.12 2 2
github.com/IBM/ibmcloud-object-storage-plugin/utils/backend/backend.go:219.87,223.13 2 3
github.com/IBM/ibmcloud-object-storage-plugin/utils/backend/backend.go:223.13,225.3 1 2
github.com/IBM/ibmcloud-object-storage-plugin/utils/backend/backend.go:225.8,227.3 1 1
github.com/IBM/ibmcloud-object-storage-plugin/utils/backend/backend.go:230.2,238.16 2 3
github.com/IBM/ibmcloud-object-storage-plugin/utils/backend/backend.go:238.16,239.41 1 1
github.com/IBM/ibmcloud-object-storage-plugin/utils/backend/backend.go:239.41,244.4 1 0
github.com/IBM/ibmcloud-object-storage-plugin/utils/backend/backend.go:245.3,245.82 1 1
github.com/IBM/ibmcloud-object-storage-plugin/utils/backend/backend.go:249.2,255.20 2 2
github.com/IBM/ibmcloud-object-storage-plugin/utils/config/config.go:36.32,38.2 1 17
github.com/IBM/ibmcloud-object-storage-plugin/utils/config/config.go:40.39,42.2 1 8
github.com/IBM/ibmcloud-object-storage-plugin/utils/config/config.go:45.25,46.46 1 2
github.com/IBM/ibmcloud-object-storage-plugin/utils/config/config.go:46.46,48.3 1 1
github.com/IBM/ibmcloud-object-storage-plugin/utils/config/config.go:49.2,49.11 1 1
github.com/IBM/ibmcloud-object-storage-plugin/utils/config/config.go:53.72,54.59 1 2
github.com/IBM/ibmcloud-object-storage-plugin/utils/config/config.go:54.59,56.3 1 0
github.com/IBM/ibmcloud-object-storage-plugin/utils/config/config.go:60.57,61.38 1 2
github.com/IBM/ibmcloud-object-storage-plugin/utils/config/config.go:61.38,63.3 1 1
github.com/IBM/ibmcloud-object-storage-plugin/utils/config/config.go:64.2,64.20 1 1
github.com/IBM/ibmcloud-object-storage-plugin/utils/config/config.go:68.74,69.38 1 2
github.com/IBM/ibmcloud-object-storage-plugin/utils/config/config.go:69.38,70.51 1 1
github.com/IBM/ibmcloud-object-storage-plugin/utils/config/config.go:70.51,72.4 1 1
github.com/IBM/ibmcloud-object-storage-plugin/utils/config/config.go:73.3,73.74 1 0
github.com/IBM/ibmcloud-object-storage-plugin/utils/config/config.go:75.2,75.20 1 1
github.com/IBM/ibmcloud-object-storage-plugin/utils/config/config.go:79.77,80.38 1 2
github.com/IBM/ibmcloud-object-storage-plugin/utils/config/config.go:80.38,81.57 1 1
github.com/IBM/ibmcloud-object-storage-plugin/utils/config/config.go:81.57,83.4 1 1
github.com/IBM/ibmcloud-object-storage-plugin/utils/config/config.go:84.3,84.75 1 0
github.com/IBM/ibmcloud-object-storage-plugin/utils/config/config.go:86.2,86.20 1 1
github.com/IBM/ibmcloud-object-storage-plugin/utils/config/config.go:90.89,94.26 2 2
github.com/IBM/ibmcloud-object-storage-plugin/utils/config/config.go:94.26,96.3 1 1
github.com/IBM/ibmcloud-object-storage-plugin/utils/config/config.go:98.2,99.32 2 2
github.com/IBM/ibmcloud-object-storage-plugin/utils/config/config.go:103.74,108.16 3 5
github.com/IBM/ibmcloud-object-storage-plugin/utils/config/config.go:108.16,110.3 1 2
github.com/IBM/ibmcloud-object-storage-plugin/utils/config/config.go:112.2,113.12 2 3
github.com/IBM/ibmcloud-object-storage-plugin/utils/config/config.go:117.84,122.24 3 5
github.com/IBM/ibmcloud-object-storage-plugin/utils/config/config.go:122.24,125.3 2 1
github.com/IBM/ibmcloud-object-storage-plugin/utils/config/config.go:126.2,130.16 4 4
github.com/IBM/ibmcloud-object-storage-plugin/utils/config/config.go:130.16,139.3 6 1
github.com/IBM/ibmcloud-object-storage-plugin/utils/config/config.go:141.2,145.16 5 3
github.com/IBM/ibmcloud-object-storage-plugin/utils/config/config.go:145.16,148.3 2 1
github.com/IBM/ibmcloud-object-storage-plugin/utils/config/config.go:150.2,151.32 2 2
github.com/IBM/ibmcloud-object-storage-plugin/utils/config/config.go:151.32,154.3 2 1
github.com/IBM/ibmcloud-object-storage-plugin/utils/config/config.go:155.2,160.12 6 1
github.com/IBM/ibmcloud-object-storage-plugin/provisioner/ibm-s3fs-provisioner.go:140.66,144.2 3 0
github.com/IBM/ibmcloud-object-storage-plugin/provisioner/ibm-s3fs-provisioner.go:146.69,148.9 2 301
github.com/IBM/ibmcloud-object-storage-plugin/provisioner/ibm-s3fs-provisioner.go:148.9,150.3 1 156
github.com/IBM/ibmcloud-object-storage-plugin/provisioner/ibm-s3fs-provisioner.go:151.2,151.30 1 145
github.com/IBM/ibmcloud-object-storage-plugin/provisioner/ibm-s3fs-provisioner.go:154.119,155.23 1 93
github.com/IBM/ibmcloud-object-storage-plugin/provisioner/ibm-s3fs-provisioner.go:155.23,157.3 1 87
github.com/IBM/ibmcloud-object-storage-plugin/provisioner/ibm-s3fs-provisioner.go:158.2,160.16 3 93
github.com/IBM/ibmcloud-object-storage-plugin/provisioner/ibm-s3fs-provisioner.go:160.16,162.3 1 3
github.com/IBM/ibmcloud-object-storage-plugin/provisioner/ibm-s3fs-provisioner.go:163.2,164.16 2 90
github.com/IBM/ibmcloud-object-storage-plugin/provisioner/ibm-s3fs-provisioner.go:164.16,167.3 1 85
github.com/IBM/ibmcloud-object-storage-plugin/provisioner/ibm-s3fs-provisioner.go:168.2,168.64 1 5
github.com/IBM/ibmcloud-object-storage-plugin/provisioner/ibm-s3fs-provisioner.go:168.64,170.3 1 2
github.com/IBM/ibmcloud-object-storage-plugin/provisioner/ibm-s3fs-provisioner.go:171.2,171.59 1 3
github.com/IBM/ibmcloud-object-storage-plugin/provisioner/ibm-s3fs-provisioner.go:171.59,173.3 1 0
github.com/IBM/ibmcloud-object-storage-plugin/provisioner/ibm-s3fs-provisioner.go:174.2,174.12 1 3
github.com/IBM/ibmcloud-object-storage-plugin/provisioner/ibm-s3fs-provisioner.go:177.231,179.16 2 73
github.com/IBM/ibmcloud-object-storage-plugin/provisioner/ibm-s3fs-provisioner.go:179.16,181.3 1 0
github.com/IBM/ibmcloud-object-storage-plugin/provisioner/ibm-s3fs-provisioner.go:183.2,183.59 1 73
github.com/IBM/ibmcloud-object-storage-plugin/provisioner/ibm-s3fs-provisioner.go:183.59,185.3 1 1
github.com/IBM/ibmcloud-object-storage-plugin/provisioner/ibm-s3fs-provisioner.go:187.2,189.62 2 72
github.com/IBM/ibmcloud-object-storage-plugin/provisioner/ibm-s3fs-provisioner.go:189.62,191.3 1 2
github.com/IBM/ibmcloud-object-storage-plugin/provisioner/ibm-s3fs-provisioner.go:193.2,194.16 2 72
github.com/IBM/ibmcloud-object-storage-plugin/provisioner/ibm-s3fs-provisioner.go:194.16,196.17 2 68
github.com/IBM/ibmcloud-object-storage-plugin/provisioner/ibm-s3fs-provisioner.go:196.17,198.4 1 1
github.com/IBM/ibmcloud-object-storage-plugin/provisioner/ibm-s3fs-provisioner.go:200.3,201.17 2 67
github.com/IBM/ibmcloud-object-storage-plugin/provisioner/ibm-s3fs-provisioner.go:201.17,203.4 1 1
github.com/IBM/ibmcloud-object-storage-plugin/provisioner/ibm-s3fs-provisioner.go:204.8,206.3 1 4
github.com/IBM/ibmcloud-object-storage-plugin/provisioner/ibm-s3fs-provisioner.go:208.2,208.53 1 70
github.com/IBM/ibmcloud-object-storage-plugin/provisioner/ibm-s3fs-provisioner.go:208.53,210.3 1 15
github.com/IBM/ibmcloud-object-storage-plugin/provisioner/ibm-s3fs-provisioner.go:212.2,212.52 1 70
github.com/IBM/ibmcloud-object-storage-plugin/provisioner/ibm-s3fs-provisioner.go:212.52,214.3 1 0
github.com/IBM/ibmcloud-object-storage-plugin/provisioner/ibm-s3fs-provisioner.go:216.2,221.55 1 70
github.com/IBM/ibmcloud-object-storage-plugin/provisioner/ibm-s3fs-provisioner.go:224.151,235.76 9 95
github.com/IBM/ibmcloud-object-storage-plugin/provisioner/ibm-s3fs-provisioner.go:235.76,237.3 1 0
github.com/IBM/ibmcloud-object-storage-plugin/provisioner/ibm-s3fs-provisioner.go:239.2,239.83 1 95
github.com/IBM/ibmcloud-object-storage-plugin/provisioner/ibm-s3fs-provisioner.go:239.83,241.3 1 1
github.com/IBM/ibmcloud-object-storage-plugin/provisioner/ibm-s3fs-provisioner.go:243.2,243.26 1 94
github.com/IBM/ibmcloud-object-storage-plugin/provisioner/ibm-s3fs-provisioner.go:243.26,244.26 1 1
github.com/IBM/ibmcloud-object-storage-plugin/provisioner/ibm-s3fs-provisioner.go:244.26,246.4 1 0
github.com/IBM/ibmcloud-object-storage-plugin/provisioner/ibm-s3fs-provisioner.go:246.9,248.4 1 1
github.com/IBM/ibmcloud-object-storage-plugin/provisioner/ibm-s3fs-provisioner.go:251.2,253.63 2 93
github.com/IBM/ibmcloud-object-storage-plugin/provisioner/ibm-s3fs-provisioner.go:253.63,255.32 2 2
github.com/IBM/ibmcloud-object-storage-plugin/provisioner/ibm-s3fs-provisioner.go:255.32,257.4 1 2
github.com/IBM/ibmcloud-object-storage-plugin/provisioner/ibm-s3fs-provisioner.go:258.3,258.46 1 2
github.com/IBM/ibmcloud-object-storage-plugin/provisioner/ibm-s3fs-provisioner.go:259.8,260.32 1 91
github.com/IBM/ibmcloud-object-storage-plugin/provisioner/ibm-s3fs-provisioner.go:260.32,261.32 1 89
github.com/IBM/ibmcloud-object-storage-plugin/provisioner/ibm-s3fs-provisioner.go:261.32,263.5 1 0
github.com/IBM/ibmcloud-object-storage-plugin/provisioner/ibm-s3fs-provisioner.go:263.10,265.5 1 89
github.com/IBM/ibmcloud-object-storage-plugin/provisioner/ibm-s3fs-provisioner.go:269.2,269.32 1 93
github.com/IBM/ibmcloud-object-storage-plugin/provisioner/ibm-s3fs-provisioner.go:269.32,270.32 1 70
github.com/IBM/ibmcloud-object-storage-plugin/provisioner/ibm-s3fs-provisioner.go:270.32,272.4 1 0
github.com/IBM/ibmcloud-object-storage-plugin/provisioner/ibm-s3fs-provisioner.go:272.9,274.4 1 70
github.com/IBM/ibmcloud-object-storage-plugin/provisioner/ibm-s3fs-provisioner.go:275.8,275.74 1 23
github.com/IBM/ibmcloud-object-storage-plugin/provisioner/ibm-s3fs-provisioner.go:275.74,277.3 1 1
github.com/IBM/ibmcloud-object-storage-plugin/provisioner/ibm-s3fs-provisioner.go:279.2,279.32 1 92
github.com/IBM/ibmcloud-object-storage-plugin/provisioner/ibm-s3fs-provisioner.go:279.32,280.68 1 0
github.com/IBM/ibmcloud-object-storage-plugin/provisioner/ibm-s3fs-provisioner.go:280.68,282.4 1 0
github.com/IBM/ibmcloud-object-storage-plugin/provisioner/ibm-s3fs-provisioner.go:285.2,285.32 1 92
github.com/IBM/ibmcloud-object-storage-plugin/provisioner/ibm-s3fs-provisioner.go:285.32,286.32 1 79
github.com/IBM/ibmcloud-object-storage-plugin/provisioner/ibm-s3fs-provisioner.go:286.32,288.4 1 0
github.com/IBM/ibmcloud-object-storage-plugin/provisioner/ibm-s3fs-provisioner.go:288.9,290.4 1 79
github.com/IBM/ibmcloud-object-storage-plugin/provisioner/ibm-s3fs-provisioner.go:291.8,291.74 1 13
github.com/IBM/ibmcloud-object-storage-plugin/provisioner/ibm-s3fs-provisioner.go:291.74,293.3 1 1
github.com/IBM/ibmcloud-object-storage-plugin/provisioner/ibm-s3fs-provisioner.go:295.2,295.41 1 91
github.com/IBM/ibmcloud-object-storage-plugin/provisioner/ibm-s3fs-provisioner.go:295.41,297.3 1 0
github.com/IBM/ibmcloud-object-storage-plugin/provisioner/ibm-s3fs-provisioner.go:299.2,299.49 1 91
github.com/IBM/ibmcloud-object-storage-plugin/provisioner/ibm-s3fs-provisioner.go:299.49,301.3 1 0
github.com/IBM/ibmcloud-object-storage-plugin/provisioner/ibm-s3fs-provisioner.go:303.2,303.38 1 91
github.com/IBM/ibmcloud-object-storage-plugin/provisioner/ibm-s3fs-provisioner.go:303.38,305.16 2 2
github.com/IBM/ibmcloud-object-storage-plugin/provisioner/ibm-s3fs-provisioner.go:305.16,307.4 1 1
github.com/IBM/ibmcloud-object-storage-plugin/provisioner/ibm-s3fs-provisioner.go:310.2,310.31 1 90
github.com/IBM/ibmcloud-object-storage-plugin/provisioner/ibm-s3fs-provisioner.go:310.31,311.67 1 3
github.com/IBM/ibmcloud-object-storage-plugin/provisioner/ibm-s3fs-provisioner.go:311.67,313.4 1 1
github.com/IBM/ibmcloud-object-storage-plugin/provisioner/ibm-s3fs-provisioner.go:316.2,316.26 1 89
github.com/IBM/ibmcloud-object-storage-plugin/provisioner/ibm-s3fs-provisioner.go:316.26,317.62 1 2
github.com/IBM/ibmcloud-object-storage-plugin/provisioner/ibm-s3fs-provisioner.go:317.62,319.4 1 1
github.com/IBM/ibmcloud-object-storage-plugin/provisioner/ibm-s3fs-provisioner.go:322.2,322.30 1 88
github.com/IBM/ibmcloud-object-storage-plugin/provisioner/ibm-s3fs-provisioner.go:322.30,324.36 1 5
github.com/IBM/ibmcloud-object-storage-plugin/provisioner/ibm-s3fs-provisioner.go:324.36,327.18 2 4
github.com/IBM/ibmcloud-object-storage-plugin/provisioner/ibm-s3fs-provisioner.go:327.18,329.5 1 1
github.com/IBM/ibmcloud-object-storage-plugin/provisioner/ibm-s3fs-provisioner.go:330.4,333.27 4 3
github.com/IBM/ibmcloud-object-storage-plugin/provisioner/ibm-s3fs-provisioner.go:337.2,337.101 1 87
github.com/IBM/ibmcloud-object-storage-plugin/provisioner/ibm-s3fs-provisioner.go:337.101,339.3 1 3
github.com/IBM/ibmcloud-object-storage-plugin/provisioner/ibm-s3fs-provisioner.go:343.2,343.24 1 84
github.com/IBM/ibmcloud-object-storage-plugin/provisioner/ibm-s3fs-provisioner.go:343.24,345.3 1 4
github.com/IBM/ibmcloud-object-storage-plugin/provisioner/ibm-s3fs-provisioner.go:349.2,349.22 1 84
github.com/IBM/ibmcloud-object-storage-plugin/provisioner/ibm-s3fs-provisioner.go:349.22,351.3 1 1
github.com/IBM/ibmcloud-object-storage-plugin/provisioner/ibm-s3fs-provisioner.go:353.2,353.100 1 84
github.com/IBM/ibmcloud-object-storage-plugin/provisioner/ibm-s3fs-provisioner.go:353.100,358.3 1 1
github.com/IBM/ibmcloud-object-storage-plugin/provisioner/ibm-s3fs-provisioner.go:360.2,360.27 1 83
github.com/IBM/ibmcloud-object-storage-plugin/provisioner/ibm-s3fs-provisioner.go:360.27,362.3 1 2
github.com/IBM/ibmcloud-object-storage-plugin/provisioner/ibm-s3fs-provisioner.go:364.2,364.102 1 83
github.com/IBM/ibmcloud-object-storage-plugin/provisioner/ibm-s3fs-provisioner.go:364.102,369.3 1 1
github.com/IBM/ibmcloud-object-storage-plugin/provisioner/ibm-s3fs-provisioner.go:372.2,372.34 1 82
github.com/IBM/ibmcloud-object-storage-plugin/provisioner/ibm-s3fs-provisioner.go:372.34,374.3 1 3
github.com/IBM/ibmcloud-object-storage-plugin/provisioner/ibm-s3fs-provisioner.go:375.2,375.33 1 82
github.com/IBM/ibmcloud-object-storage-plugin/provisioner/ibm-s3fs-provisioner.go:375.33,376.73 1 82
github.com/IBM/ibmcloud-object-storage-plugin/provisioner/ibm-s3fs-provisioner.go:376.73,378.4 1 1
github.com/IBM/ibmcloud-object-storage-plugin/provisioner/ibm-s3fs-provisioner.go:378.9,378.28 1 81
github.com/IBM/ibmcloud-object-storage-plugin/provisioner/ibm-s3fs-provisioner.go:378.28,380.4 1 1
github.com/IBM/ibmcloud-object-storage-plugin/provisioner/ibm-s3fs-provisioner.go:384.2,384.38 1 80
github.com/IBM/ibmcloud-object-storage-plugin/provisioner/ibm-s3fs-provisioner.go:384.38,386.3 1 3
github.com/IBM/ibmcloud-object-storage-plugin/provisioner/ibm-s3fs-provisioner.go:387.2,387.37 1 80
github.com/IBM/ibmcloud-object-storage-plugin/provisioner/ibm-s3fs-provisioner.go:387.37,388.85 1 80
github.com/IBM/ibmcloud-object-storage-plugin/provisioner/ibm-s3fs-provisioner.go:388.85,390.4 1 1
github.com/IBM/ibmcloud-object-storage-plugin/provisioner/ibm-s3fs-provisioner.go:390.9,390.36 1 79
github.com/IBM/ibmcloud-object-storage-plugin/provisioner/ibm-s3fs-provisioner.go:390.36,392.4 1 1
github.com/IBM/ibmcloud-object-storage-plugin/provisioner/ibm-s3fs-provisioner.go:396.2,396.27 1 78
github.com/IBM/ibmcloud-object-storage-plugin/provisioner/ibm-s3fs-provisioner.go:396.27,397.70 1 2
github.com/IBM/ibmcloud-object-storage-plugin/provisioner/ibm-s3fs-provisioner.go:397.70,399.4 1 1
github.com/IBM/ibmcloud-object-storage-plugin/provisioner/ibm-s3fs-provisioner.go:403.2,403.29 1 77
github.com/IBM/ibmcloud-object-storage-plugin/provisioner/ibm-s3fs-provisioner.go:403.29,404.74 1 2
github.com/IBM/ibmcloud-object-storage-plugin/provisioner/ibm-s3fs-provisioner.go:404.74,406.4 1 1
github.com/IBM/ibmcloud-object-storage-plugin/provisioner/ibm-s3fs-provisioner.go:410.2,410.27 1 76
github.com/IBM/ibmcloud-object-storage-plugin/provisioner/ibm-s3fs-provisioner.go:410.27,411.70 1 2
github.com/IBM/ibmcloud-object-storage-plugin/provisioner/ibm-s3fs-provisioner.go:411.70,413.4 1 1
github.com/IBM/ibmcloud-object-storage-plugin/provisioner/ibm-s3fs-provisioner.go:417.2,417.29 1 75
github.com/IBM/ibmcloud-object-storage-plugin/provisioner/ibm-s3fs-provisioner.go:417.29,418.74 1 2
github.com/IBM/ibmcloud-object-storage-plugin/provisioner/ibm-s3fs-provisioner.go:418.74,420.4 1 1
github.com/IBM/ibmcloud-object-storage-plugin/provisioner/ibm-s3fs-provisioner.go:423.2,423.37 1 74
github.com/IBM/ibmcloud-object-storage-plugin/provisioner/ibm-s3fs-provisioner.go:423.37,424.68 1 2
github.com/IBM/ibmcloud-object-storage-plugin/provisioner/ibm-s3fs-provisioner.go:424.68,426.4 1 1
github.com/IBM/ibmcloud-object-storage-plugin/provisioner/ibm-s3fs-provisioner.go:427.3,427.55 1 1
github.com/IBM/ibmcloud-object-storage-plugin/provisioner/ibm-s3fs-provisioner.go:430.2,430.39 1 73
github.com/IBM/ibmcloud-object-storage-plugin/provisioner/ibm-s3fs-provisioner.go:430.39,431.70 1 2
github.com/IBM/ibmcloud-object-storage-plugin/provisioner/ibm-s3fs-provisioner.go:431.70,433.4 1 1
github.com/IBM/ibmcloud-object-storage-plugin/provisioner/ibm-s3fs-provisioner.go:434.3,434.59 1 1
github.com/IBM/ibmcloud-object-storage-plugin/provisioner/ibm-s3fs-provisioner.go:437.2,437.60 1 72
github.com/IBM/ibmcloud-object-storage-plugin/provisioner/ibm-s3fs-provisioner.go:437.60,439.3 1 1
github.com/IBM/ibmcloud-object-storage-plugin/provisioner/ibm-s3fs-provisioner.go:442.2,442.29 1 71
github.com/IBM/ibmcloud-object-storage-plugin/provisioner/ibm-s3fs-provisioner.go:442.29,444.3 1 1
github.com/IBM/ibmcloud-object-storage-plugin/provisioner/ibm-s3fs-provisioner.go:446.2,446.28 1 71
github.com/IBM/ibmcloud-object-storage-plugin/provisioner/ibm-s3fs-provisioner.go:450.158,476.16 22 95
github.com/IBM/ibmcloud-object-storage-plugin/provisioner/ibm-s3fs-provisioner.go:476.16,478.3 1 24
github.com/IBM/ibmcloud-object-storage-plugin/provisioner/ibm-s3fs-provisioner.go:481.2,481.36 1 71
github.com/IBM/ibmcloud-object-storage-plugin/provisioner/ibm-s3fs-provisioner.go:481.36,482.38 1 8
github.com/IBM/ibmcloud-object-storage-plugin/provisioner/ibm-s3fs-provisioner.go:482.38,484.4 1 1
github.com/IBM/ibmcloud-object-storage-plugin/provisioner/ibm-s3fs-provisioner.go:490.3,490.23 1 7
github.com/IBM/ibmcloud-object-storage-plugin/provisioner/ibm-s3fs-provisioner.go:490.23,492.18 2 6
github.com/IBM/ibmcloud-object-storage-plugin/provisioner/ibm-s3fs-provisioner.go:492.18,494.5 1 1
github.com/IBM/ibmcloud-object-storage-plugin/provisioner/ibm-s3fs-provisioner.go:495.4,495.42 1 5
github.com/IBM/ibmcloud-object-storage-plugin/provisioner/ibm-s3fs-provisioner.go:499.2,499.67 1 69
github.com/IBM/ibmcloud-object-storage-plugin/provisioner/ibm-s3fs-provisioner.go:499.67,501.3 1 0
github.com/IBM/ibmcloud-object-storage-plugin/provisioner/ibm-s3fs-provisioner.go:501.8,503.3 1 69
github.com/IBM/ibmcloud-object-storage-plugin/provisioner/ibm-s3fs-provisioner.go:506.2,506.15 1 69
github.com/IBM/ibmcloud-object-storage-plugin/provisioner/ibm-s3fs-provisioner.go:506.15,508.17 2 69
github.com/IBM/ibmcloud-object-storage-plugin/provisioner/ibm-s3fs-provisioner.go:508.17,510.4 1 3
github.com/IBM/ibmcloud-object-storage-plugin/provisioner/ibm-s3fs-provisioner.go:512.3,513.94 2 66
github.com/IBM/ibmcloud-object-storage-plugin/provisioner/ibm-s3fs-provisioner.go:516.2,516.31 1 66
github.com/IBM/ibmcloud-object-storage-plugin/provisioner/ibm-s3fs-provisioner.go:516.31,519.41 2 2
github.com/IBM/ibmcloud-object-storage-plugin/provisioner/ibm-s3fs-provisioner.go:519.41,520.28 1 3
github.com/IBM/ibmcloud-object-storage-plugin/provisioner/ibm-s3fs-provisioner.go:520.28,522.10 2 1
github.com/IBM/ibmcloud-object-storage-plugin/provisioner/ibm-s3fs-provisioner.go:525.3,525.23 1 2
github.com/IBM/ibmcloud-object-storage-plugin/provisioner/ibm-s3fs-provisioner.go:525.23,527.4 1 1
github.com/IBM/ibmcloud-object-storage-plugin/provisioner/ibm-s3fs-provisioner.go:530.2,532.79 2 65
github.com/IBM/ibmcloud-object-storage-plugin/provisioner/ibm-s3fs-provisioner.go:532.79,544.3 6 4
github.com/IBM/ibmcloud-object-storage-plugin/provisioner/ibm-s3fs-provisioner.go:544.8,545.32 1 61
github.com/IBM/ibmcloud-object-storage-plugin/provisioner/ibm-s3fs-provisioner.go:545.32,547.4 1 0
github.com/IBM/ibmcloud-object-storage-plugin/provisioner/ibm-s3fs-provisioner.go:551.2,551.100 1 65
github.com/IBM/ibmcloud-object-storage-plugin/provisioner/ibm-s3fs-provisioner.go:551.100,555.17 4 13
github.com/IBM/ibmcloud-object-storage-plugin/provisioner/ibm-s3fs-provisioner.go:555.17,557.4 1 1
github.com/IBM/ibmcloud-object-storage-plugin/provisioner/ibm-s3fs-provisioner.go:559.3,560.18 2 12
github.com/IBM/ibmcloud-object-storage-plugin/provisioner/ibm-s3fs-provisioner.go:560.18,562.4 1 0
github.com/IBM/ibmcloud-object-storage-plugin/provisioner/ibm-s3fs-provisioner.go:564.3,565.23 2 12
github.com/IBM/ibmcloud-object-storage-plugin/provisioner/ibm-s3fs-provisioner.go:565.23,567.4 1 12
github.com/IBM/ibmcloud-object-storage-plugin/provisioner/ibm-s3fs-provisioner.go:569.3,570.17 2 12
github.com/IBM/ibmcloud-object-storage-plugin/provisioner/ibm-s3fs-provisioner.go:570.17,572.4 1 1
github.com/IBM/ibmcloud-object-storage-plugin/provisioner/ibm-s3fs-provisioner.go:573.3,576.55 3 11
github.com/IBM/ibmcloud-object-storage-plugin/provisioner/ibm-s3fs-provisioner.go:576.55,577.40 1 9
github.com/IBM/ibmcloud-object-storage-plugin/provisioner/ibm-s3fs-provisioner.go:577.40,580.5 2 1
github.com/IBM/ibmcloud-object-storage-plugin/provisioner/ibm-s3fs-provisioner.go:580.10,582.19 2 8
github.com/IBM/ibmcloud-object-storage-plugin/provisioner/ibm-s3fs-provisioner.go:582.19,584.6 1 1
github.com/IBM/ibmcloud-object-storage-plugin/provisioner/ibm-s3fs-provisioner.go:585.5,587.34 3 7
github.com/IBM/ibmcloud-object-storage-plugin/provisioner/ibm-s3fs-provisioner.go:587.34,589.6 1 1
github.com/IBM/ibmcloud-object-storage-plugin/provisioner/ibm-s3fs-provisioner.go:592.4,594.32 3 7
github.com/IBM/ibmcloud-object-storage-plugin/provisioner/ibm-s3fs-provisioner.go:596.9,596.64 1 2
github.com/IBM/ibmcloud-object-storage-plugin/provisioner/ibm-s3fs-provisioner.go:596.64,599.4 1 1
github.com/IBM/ibmcloud-object-storage-plugin/provisioner/ibm-s3fs-provisioner.go:599.9,601.4 1 1
github.com/IBM/ibmcloud-object-storage-plugin/provisioner/ibm-s3fs-provisioner.go:602.8,603.37 1 52
github.com/IBM/ibmcloud-object-storage-plugin/provisioner/ibm-s3fs-provisioner.go:603.37,605.4 1 1
github.com/IBM/ibmcloud-object-storage-plugin/provisioner/ibm-s3fs-provisioner.go:606.3,606.69 1 52
github.com/IBM/ibmcloud-object-storage-plugin/provisioner/ibm-s3fs-provisioner.go:606.69,608.4 1 0
github.com/IBM/ibmcloud-object-storage-plugin/provisioner/ibm-s3fs-provisioner.go:611.2,611.94 1 59
github.com/IBM/ibmcloud-object-storage-plugin/provisioner/ibm-s3fs-provisioner.go:611.94,613.3 1 0
github.com/IBM/ibmcloud-object-storage-plugin/provisioner/ibm-s3fs-provisioner.go:615.2,615.36 1 59
github.com/IBM/ibmcloud-object-storage-plugin/provisioner/ibm-s3fs-provisioner.go:615.36,617.57 2 52
github.com/IBM/ibmcloud-object-storage-plugin/provisioner/ibm-s3fs-provisioner.go:617.57,619.18 2 43
github.com/IBM/ibmcloud-object-storage-plugin/provisioner/ibm-s3fs-provisioner.go:619.18,621.5 1 0
github.com/IBM/ibmcloud-object-storage-plugin/provisioner/ibm-s3fs-provisioner.go:622.4,622.42 1 43
github.com/IBM/ibmcloud-object-storage-plugin/provisioner/ibm-s3fs-provisioner.go:625.3,625.58 1 52
github.com/IBM/ibmcloud-object-storage-plugin/provisioner/ibm-s3fs-provisioner.go:625.58,627.4 1 1
github.com/IBM/ibmcloud-object-storage-plugin/provisioner/ibm-s3fs-provisioner.go:629.3,630.25 2 51
github.com/IBM/ibmcloud-object-storage-plugin/provisioner/ibm-s3fs-provisioner.go:630.25,632.4 1 0
github.com/IBM/ibmcloud-object-storage-plugin/provisioner/ibm-s3fs-provisioner.go:633.3,634.16 2 51
github.com/IBM/ibmcloud-object-storage-plugin/provisioner/ibm-s3fs-provisioner.go:634.16,636.4 1 0
github.com/IBM/ibmcloud-object-storage-plugin/provisioner/ibm-s3fs-provisioner.go:638.3,638.17 1 51
github.com/IBM/ibmcloud-object-storage-plugin/provisioner/ibm-s3fs-provisioner.go:638.17,639.71 1 3
github.com/IBM/ibmcloud-object-storage-plugin/provisioner/ibm-s3fs-provisioner.go:639.71,643.5 3 2
github.com/IBM/ibmcloud-object-storage-plugin/provisioner/ibm-s3fs-provisioner.go:643.10,645.5 1 1
github.com/IBM/ibmcloud-object-storage-plugin/provisioner/ibm-s3fs-provisioner.go:662.3,662.33 1 50
github.com/IBM/ibmcloud-object-storage-plugin/provisioner/ibm-s3fs-provisioner.go:662.33,665.18 3 0
github.com/IBM/ibmcloud-object-storage-plugin/provisioner/ibm-s3fs-provisioner.go:665.18,666.21 1 0
github.com/IBM/ibmcloud-object-storage-plugin/provisioner/ibm-s3fs-provisioner.go:666.21,668.21 2 0
github.com/IBM/ibmcloud-object-storage-plugin/provisioner/ibm-s3fs-provisioner.go:668.21,670.7 1 0
github.com/IBM/ibmcloud-object-storage-plugin/provisioner/ibm-s3fs-provisioner.go:672.5,672.158 1 0
github.com/IBM/ibmcloud-object-storage-plugin/provisioner/ibm-s3fs-provisioner.go:674.4,674.120 1 0
github.com/IBM/ibmcloud-object-storage-plugin/provisioner/ibm-s3fs-provisioner.go:677.3,677.28 1 50
github.com/IBM/ibmcloud-object-storage-plugin/provisioner/ibm-s3fs-provisioner.go:677.28,679.18 2 6
github.com/IBM/ibmcloud-object-storage-plugin/provisioner/ibm-s3fs-provisioner.go:679.18,681.21 1 1
github.com/IBM/ibmcloud-object-storage-plugin/provisioner/ibm-s3fs-provisioner.go:681.21,683.21 2 1
github.com/IBM/ibmcloud-object-storage-plugin/provisioner/ibm-s3fs-provisioner.go:683.21,685.7 1 0
github.com/IBM/ibmcloud-object-storage-plugin/provisioner/ibm-s3fs-provisioner.go:687.5,687.153 1 1
github.com/IBM/ibmcloud-object-storage-plugin/provisioner/ibm-s3fs-provisioner.go:689.4,689.121 1 5
github.com/IBM/ibmcloud-object-storage-plugin/provisioner/ibm-s3fs-provisioner.go:692.3,692.20 1 49
github.com/IBM/ibmcloud-object-storage-plugin/provisioner/ibm-s3fs-provisioner.go:692.20,694.18 2 4
github.com/IBM/ibmcloud-object-storage-plugin/provisioner/ibm-s3fs-provisioner.go:694.18,696.21 1 0
github.com/IBM/ibmcloud-object-storage-plugin/provisioner/ibm-s3fs-provisioner.go:696.21,698.21 2 0
github.com/IBM/ibmcloud-object-storage-plugin/provisioner/ibm-s3fs-provisioner.go:698.21,700.7 1 0
github.com/IBM/ibmcloud-object-storage-plugin/provisioner/ibm-s3fs-provisioner.go:702.5,702.151 1 0
github.com/IBM/ibmcloud-object-storage-plugin/provisioner/ibm-s3fs-provisioner.go:704.4,704.119 1 4
github.com/IBM/ibmcloud-object-storage-plugin/provisioner/ibm-s3fs-provisioner.go:706.8,707.23 1 7
github.com/IBM/ibmcloud-object-storage-plugin/provisioner/ibm-s3fs-provisioner.go:707.23,709.4 1 1
github.com/IBM/ibmcloud-object-storage-plugin/provisioner/ibm-s3fs-provisioner.go:720.3,720.33 1 6
github.com/IBM/ibmcloud-object-storage-plugin/provisioner/ibm-s3fs-provisioner.go:720.33,723.18 3 0
github.com/IBM/ibmcloud-object-storage-plugin/provisioner/ibm-s3fs-provisioner.go:723.18,725.5 1 0
github.com/IBM/ibmcloud-object-storage-plugin/provisioner/ibm-s3fs-provisioner.go:726.4,726.94 1 0
github.com/IBM/ibmcloud-object-storage-plugin/provisioner/ibm-s3fs-provisioner.go:731.3,731.28 1 6
github.com/IBM/ibmcloud-object-storage-plugin/provisioner/ibm-s3fs-provisioner.go:731.28,733.18 2 1
github.com/IBM/ibmcloud-object-storage-plugin/provisioner/ibm-s3fs-provisioner.go:733.18,735.5 1 0
github.com/IBM/ibmcloud-object-storage-plugin/provisioner/ibm-s3fs-provisioner.go:736.4,737.121 2 1
github.com/IBM/ibmcloud-object-storage-plugin/provisioner/ibm-s3fs-provisioner.go:739.3,739.20 1 6
github.com/IBM/ibmcloud-object-storage-plugin/provisioner/ibm-s3fs-provisioner.go:739.20,741.18 2 0
github.com/IBM/ibmcloud-object-storage-plugin/provisioner/ibm-s3fs-provisioner.go:741.18,743.5 1 0
github.com/IBM/ibmcloud-object-storage-plugin/provisioner/ibm-s3fs-provisioner.go:744.4,744.119 1 0
github.com/IBM/ibmcloud-object-storage-plugin/provisioner/ibm-s3fs-provisioner.go:748.2,748.15 1 55
github.com/IBM/ibmcloud-object-storage-plugin/provisioner/ibm-s3fs-provisioner.go:748.15,749.60 1 55
github.com/IBM/ibmcloud-object-storage-plugin/provisioner/ibm-s3fs-provisioner.go:749.60,751.4 1 3
github.com/IBM/ibmcloud-object-storage-plugin/provisioner/ibm-s3fs-provisioner.go:754.2,754.26 1 52
github.com/IBM/ibmcloud-object-storage-plugin/provisioner/ibm-s3fs-provisioner.go:754.26,756.17 2 3
github.com/IBM/ibmcloud-object-storage-plugin/provisioner/ibm-s3fs-provisioner.go:756.17,758.4 1 1
github.com/IBM/ibmcloud-object-storage-plugin/provisioner/ibm-s3fs-provisioner.go:758.9,758.20 1 2
github.com/IBM/ibmcloud-object-storage-plugin/provisioner/ibm-s3fs-provisioner.go:758.20,760.4 1 1
github.com/IBM/ibmcloud-object-storage-plugin/provisioner/ibm-s3fs-provisioner.go:763.2,763.18 1 50
github.com/IBM/ibmcloud-object-storage-plugin/provisioner/ibm-s3fs-provisioner.go:763.18,765.3 1 1
github.com/IBM/ibmcloud-object-storage-plugin/provisioner/ibm-s3fs-provisioner.go:767.2,767.26 1 50
github.com/IBM/ibmcloud-object-storage-plugin/provisioner/ibm-s3fs-provisioner.go:767.26,769.3 1 1
github.com/IBM/ibmcloud-object-storage-plugin/provisioner/ibm-s3fs-provisioner.go:771.2,771.19 1 50
github.com/IBM/ibmcloud-object-storage-plugin/provisioner/ibm-s3fs-provisioner.go:771.19,773.3 1 1
github.com/IBM/ibmcloud-object-storage-plugin/provisioner/ibm-s3fs-provisioner.go:775.2,775.49 1 50
github.com/IBM/ibmcloud-object-storage-plugin/provisioner/ibm-s3fs-provisioner.go:775.49,778.3 1 1
github.com/IBM/ibmcloud-object-storage-plugin/provisioner/ibm-s3fs-provisioner.go:781.2,783.25 3 50
github.com/IBM/ibmcloud-object-storage-plugin/provisioner/ibm-s3fs-provisioner.go:783.25,785.3 1 1
github.com/IBM/ibmcloud-object-storage-plugin/provisioner/ibm-s3fs-provisioner.go:787.2,787.19 1 49
github.com/IBM/ibmcloud-object-storage-plugin/provisioner/ibm-s3fs-provisioner.go:787.19,789.3 1 1
github.com/IBM/ibmcloud-object-storage-plugin/provisioner/ibm-s3fs-provisioner.go:791.2,815.16 2 49
github.com/IBM/ibmcloud-object-storage-plugin/provisioner/ibm-s3fs-provisioner.go:815.16,817.3 1 0
github.com/IBM/ibmcloud-object-storage-plugin/provisioner/ibm-s3fs-provisioner.go:819.2,846.16 2 49
github.com/IBM/ibmcloud-object-storage-plugin/provisioner/ibm-s3fs-provisioner.go:846.16,848.3 1 0
github.com/IBM/ibmcloud-object-storage-plugin/provisioner/ibm-s3fs-provisioner.go:850.2,872.41 2 49
github.com/IBM/ibmcloud-object-storage-plugin/provisioner/ibm-s3fs-provisioner.go:876.89,887.16 8 7
github.com/IBM/ibmcloud-object-storage-plugin/provisioner/ibm-s3fs-provisioner.go:887.16,889.3 1 0
github.com/IBM/ibmcloud-object-storage-plugin/provisioner/ibm-s3fs-provisioner.go:891.2,891.42 1 7
github.com/IBM/ibmcloud-object-storage-plugin/provisioner/ibm-s3fs-provisioner.go:891.42,892.97 1 6
github.com/IBM/ibmcloud-object-storage-plugin/provisioner/ibm-s3fs-provisioner.go:892.97,894.4 1 3
github.com/IBM/ibmcloud-object-storage-plugin/provisioner/ibm-s3fs-provisioner.go:895.8,895.79 1 1
github.com/IBM/ibmcloud-object-storage-plugin/provisioner/ibm-s3fs-provisioner.go:895.79,897.3 1 1
github.com/IBM/ibmcloud-object-storage-plugin/provisioner/ibm-s3fs-provisioner.go:898.2,898.12 1 3
github.com/IBM/ibmcloud-object-storage-plugin/provisioner/ibm-s3fs-provisioner.go:901.145,905.119 3 6
github.com/IBM/ibmcloud-object-storage-plugin/provisioner/ibm-s3fs-provisioner.go:905.119,907.3 1 2
github.com/IBM/ibmcloud-object-storage-plugin/provisioner/ibm-s3fs-provisioner.go:909.2,910.16 2 4
github.com/IBM/ibmcloud-object-storage-plugin/provisioner/ibm-s3fs-provisioner.go:910.16,912.3 1 0
github.com/IBM/ibmcloud-object-storage-plugin/provisioner/ibm-s3fs-provisioner.go:913.2,916.44 3 4
github.com/IBM/ibmcloud-object-storage-plugin/driver/driver.go:103.44,104.16 1 33
github.com/IBM/ibmcloud-object-storage-plugin/driver/driver.go:104.16,106.3 1 3
github.com/IBM/ibmcloud-object-storage-plugin/driver/driver.go:107.2,108.16 2 30
github.com/IBM/ibmcloud-object-storage-plugin/driver/driver.go:108.16,110.3 1 1
github.com/IBM/ibmcloud-object-storage-plugin/driver/driver.go:110.8,110.31 1 29
github.com/IBM/ibmcloud-object-storage-plugin/driver/driver.go:110.31,112.3 1 29
github.com/IBM/ibmcloud-object-storage-plugin/driver/driver.go:112.8,112.32 1 0
github.com/IBM/ibmcloud-object-storage-plugin/driver/driver.go:112.32,114.3 1 0
github.com/IBM/ibmcloud-object-storage-plugin/driver/driver.go:114.8,116.3 1 0
github.com/IBM/ibmcloud-object-storage-plugin/driver/driver.go:120.37,121.16 1 0
github.com/IBM/ibmcloud-object-storage-plugin/driver/driver.go:121.16,123.3 1 0
github.com/IBM/ibmcloud-object-storage-plugin/driver/driver.go:124.2,125.26 2 0
github.com/IBM/ibmcloud-object-storage-plugin/driver/driver.go:126.11,127.15 1 0
github.com/IBM/ibmcloud-object-storage-plugin/driver/driver.go:128.21,129.27 1 0
github.com/IBM/ibmcloud-object-storage-plugin/driver/driver.go:130.21,131.27 1 0
github.com/IBM/ibmcloud-object-storage-plugin/driver/driver.go:132.24,133.27 1 0
github.com/IBM/ibmcloud-object-storage-plugin/driver/driver.go:135.2,135.81 1 0
github.com/IBM/ibmcloud-object-storage-plugin/driver/driver.go:145.38,147.2 1 0
github.com/IBM/ibmcloud-object-storage-plugin/driver/driver.go:150.31,152.2 1 0
github.com/IBM/ibmcloud-object-storage-plugin/driver/driver.go:155.66,161.16 4 3
github.com/IBM/ibmcloud-object-storage-plugin/driver/driver.go:161.16,162.71 1 1
github.com/IBM/ibmcloud-object-storage-plugin/driver/driver.go:162.71,164.4 1 0
github.com/IBM/ibmcloud-object-storage-plugin/driver/driver.go:164.9,166.4 1 1
github.com/IBM/ibmcloud-object-storage-plugin/driver/driver.go:170.2,170.50 1 2
github.com/IBM/ibmcloud-object-storage-plugin/driver/driver.go:170.50,174.3 2 0
github.com/IBM/ibmcloud-object-storage-plugin/driver/driver.go:174.8,174.61 1 2
github.com/IBM/ibmcloud-object-storage-plugin/driver/driver.go:174.61,178.3 2 0
github.com/IBM/ibmcloud-object-storage-plugin/driver/driver.go:178.8,182.3 2 2
github.com/IBM/ibmcloud-object-storage-plugin/driver/driver.go:185.71,190.16 3 33
github.com/IBM/ibmcloud-object-storage-plugin/driver/driver.go:190.16,192.17 1 32
github.com/IBM/ibmcloud-object-storage-plugin/driver/driver.go:192.17,196.4 2 29
github.com/IBM/ibmcloud-object-storage-plugin/driver/driver.go:196.9,200.4 2 3
github.com/IBM/ibmcloud-object-storage-plugin/driver/driver.go:204.2,205.37 2 1
github.com/IBM/ibmcloud-object-storage-plugin/driver/driver.go:205.37,209.41 3 1
github.com/IBM/ibmcloud-object-storage-plugin/driver/driver.go:209.41,214.18 3 0
github.com/IBM/ibmcloud-object-storage-plugin/driver/driver.go:214.18,218.5 2 0
github.com/IBM/ibmcloud-object-storage-plugin/driver/driver.go:222.2,222.12 1 1
github.com/IBM/ibmcloud-object-storage-plugin/driver/driver.go:222.12,226.17 3 0
github.com/IBM/ibmcloud-object-storage-plugin/driver/driver.go:226.17,230.4 2 0
github.com/IBM/ibmcloud-object-storage-plugin/driver/driver.go:233.2,233.12 1 1
github.com/IBM/ibmcloud-object-storage-plugin/driver/driver.go:236.68,241.16 3 24
github.com/IBM/ibmcloud-object-storage-plugin/driver/driver.go:241.16,243.3 1 0
github.com/IBM/ibmcloud-object-storage-plugin/driver/driver.go:247.2,250.16 3 24
github.com/IBM/ibmcloud-object-storage-plugin/driver/driver.go:250.16,254.3 2 1
github.com/IBM/ibmcloud-object-storage-plugin/driver/driver.go:257.2,260.16 3 23
github.com/IBM/ibmcloud-object-storage-plugin/driver/driver.go:260.16,264.3 2 1
github.com/IBM/ibmcloud-object-storage-plugin/driver/driver.go:266.2,266.12 1 22
github.com/IBM/ibmcloud-object-storage-plugin/driver/driver.go:270.59,279.2 3 1
github.com/IBM/ibmcloud-object-storage-plugin/driver/driver.go:281.114,286.2 3 29
github.com/IBM/ibmcloud-object-storage-plugin/driver/driver.go:288.138,293.2 3 4
github.com/IBM/ibmcloud-object-storage-plugin/driver/driver.go:295.68,300.16 3 26
github.com/IBM/ibmcloud-object-storage-plugin/driver/driver.go:300.16,303.3 1 24
github.com/IBM/ibmcloud-object-storage-plugin/driver/driver.go:303.8,304.25 1 2
github.com/IBM/ibmcloud-object-storage-plugin/driver/driver.go:304.25,308.18 3 1
github.com/IBM/ibmcloud-object-storage-plugin/driver/driver.go:308.18,312.5 2 1
github.com/IBM/ibmcloud-object-storage-plugin/driver/driver.go:313.9,317.4 2 1
github.com/IBM/ibmcloud-object-storage-plugin/driver/driver.go:319.2,319.12 1 24
github.com/IBM/ibmcloud-object-storage-plugin/driver/driver.go:323.90,331.16 7 43
github.com/IBM/ibmcloud-object-storage-plugin/driver/driver.go:331.16,335.3 2 1
github.com/IBM/ibmcloud-object-storage-plugin/driver/driver.go:338.2,338.30 1 42
github.com/IBM/ibmcloud-object-storage-plugin/driver/driver.go:338.30,340.3 1 42
github.com/IBM/ibmcloud-object-storage-plugin/driver/driver.go:340.8,342.3 1 0
github.com/IBM/ibmcloud-object-storage-plugin/driver/driver.go:344.2,344.34 1 42
github.com/IBM/ibmcloud-object-storage-plugin/driver/driver.go:344.34,346.3 1 41
github.com/IBM/ibmcloud-object-storage-plugin/driver/driver.go:346.8,346.33 1 1
github.com/IBM/ibmcloud-object-storage-plugin/driver/driver.go:346.33,348.3 1 0
github.com/IBM/ibmcloud-object-storage-plugin/driver/driver.go:348.8,350.3 1 1
github.com/IBM/ibmcloud-object-storage-plugin/driver/driver.go:352.2,352.94 1 42
github.com/IBM/ibmcloud-object-storage-plugin/driver/driver.go:352.94,361.3 2 1
github.com/IBM/ibmcloud-object-storage-plugin/driver/driver.go:364.2,364.38 1 41
github.com/IBM/ibmcloud-object-storage-plugin/driver/driver.go:364.38,366.17 2 3
github.com/IBM/ibmcloud-object-storage-plugin/driver/driver.go:366.17,371.4 2 1
github.com/IBM/ibmcloud-object-storage-plugin/driver/driver.go:372.3,372.21 1 2
github.com/IBM/ibmcloud-object-storage-plugin/driver/driver.go:372.21,377.4 2 1
github.com/IBM/ibmcloud-object-storage-plugin/driver/driver.go:381.2,381.42 1 39
github.com/IBM/ibmcloud-object-storage-plugin/driver/driver.go:381.42,383.17 2 3
github.com/IBM/ibmcloud-object-storage-plugin/driver/driver.go:383.17,388.4 2 1
github.com/IBM/ibmcloud-object-storage-plugin/driver/driver.go:388.9,388.36 1 2
github.com/IBM/ibmcloud-object-storage-plugin/driver/driver.go:388.36,393.4 2 1
github.com/IBM/ibmcloud-object-storage-plugin/driver/driver.go:397.2,397.41 1 37
github.com/IBM/ibmcloud-object-storage-plugin/driver/driver.go:397.41,399.17 2 2
github.com/IBM/ibmcloud-object-storage-plugin/driver/driver.go:399.17,404.4 2 1
github.com/IBM/ibmcloud-object-storage-plugin/driver/driver.go:408.2,408.43 1 36
github.com/IBM/ibmcloud-object-storage-plugin/driver/driver.go:408.43,410.17 2 2
github.com/IBM/ibmcloud-object-storage-plugin/driver/driver.go:410.17,415.4 2 1
github.com/IBM/ibmcloud-object-storage-plugin/driver/driver.go:418.2,418.29 1 35
github.com/IBM/ibmcloud-object-storage-plugin/driver/driver.go:418.29,420.17 2 5
github.com/IBM/ibmcloud-object-storage-plugin/driver/driver.go:420.17,425.4 2 1
github.com/IBM/ibmcloud-object-storage-plugin/driver/driver.go:426.3,427.17 2 4
github.com/IBM/ibmcloud-object-storage-plugin/driver/driver.go:427.17,432.4 2 1
github.com/IBM/ibmcloud-object-storage-plugin/driver/driver.go:433.8,435.17 2 30
github.com/IBM/ibmcloud-object-storage-plugin/driver/driver.go:435.17,440.4 2 1
github.com/IBM/ibmcloud-object-storage-plugin/driver/driver.go:442.3,443.17 2 29
github.com/IBM/ibmcloud-object-storage-plugin/driver/driver.go:443.17,448.4 2 1
github.com/IBM/ibmcloud-object-storage-plugin/driver/driver.go:451.2,451.18 1 31
github.com/IBM/ibmcloud-object-storage-plugin/driver/driver.go:451.18,452.32 1 3
github.com/IBM/ibmcloud-object-storage-plugin/driver/driver.go:452.32,454.4 1 1
github.com/IBM/ibmcloud-object-storage-plugin/driver/driver.go:454.9,455.114 1 2
github.com/IBM/ibmcloud-object-storage-plugin/driver/driver.go:455.114,464.5 2 1
github.com/IBM/ibmcloud-object-storage-plugin/driver/driver.go:464.10,466.5 1 1
github.com/IBM/ibmcloud-object-storage-plugin/driver/driver.go:469.2,469.31 1 30
github.com/IBM/ibmcloud-object-storage-plugin/driver/driver.go:469.31,471.17 2 2
github.com/IBM/ibmcloud-object-storage-plugin/driver/driver.go:471.17,475.4 2 0
github.com/IBM/ibmcloud-object-storage-plugin/driver/driver.go:476.3,477.33 2 2
github.com/IBM/ibmcloud-object-storage-plugin/driver/driver.go:477.33,479.4 1 2
github.com/IBM/ibmcloud-object-storage-plugin/driver/driver.go:479.9,482.4 2 0
github.com/IBM/ibmcloud-object-storage-plugin/driver/driver.go:483.3,486.17 4 2
github.com/IBM/ibmcloud-object-storage-plugin/driver/driver.go:486.17,490.4 2 1
github.com/IBM/ibmcloud-object-storage-plugin/driver/driver.go:492.3,493.17 2 1
github.com/IBM/ibmcloud-object-storage-plugin/driver/driver.go:493.17,497.4 2 0
github.com/IBM/ibmcloud-object-storage-plugin/driver/driver.go:498.3,499.17 2 1
github.com/IBM/ibmcloud-object-storage-plugin/driver/driver.go:499.17,503.4 2 0
github.com/IBM/ibmcloud-object-storage-plugin/driver/driver.go:506.2,513.16 2 29
github.com/IBM/ibmcloud-object-storage-plugin/driver/driver.go:513.16,517.3 2 1
github.com/IBM/ibmcloud-object-storage-plugin/driver/driver.go:520.2,520.30 1 28
github.com/IBM/ibmcloud-object-storage-plugin/driver/driver.go:520.30,528.17 2 4
github.com/IBM/ibmcloud-object-storage-plugin/driver/driver.go:528.17,532.4 2 1
github.com/IBM/ibmcloud-object-storage-plugin/driver/driver.go:532.9,532.20 1 3
github.com/IBM/ibmcloud-object-storage-plugin/driver/driver.go:532.20,536.4 2 1
github.com/IBM/ibmcloud-object-storage-plugin/driver/driver.go:540.2,541.16 2 26
github.com/IBM/ibmcloud-object-storage-plugin/driver/driver.go:541.16,545.3 2 2
github.com/IBM/ibmcloud-object-storage-plugin/driver/driver.go:548.2,551.16 4 24
github.com/IBM/ibmcloud-object-storage-plugin/driver/driver.go:551.16,555.3 2 2
github.com/IBM/ibmcloud-object-storage-plugin/driver/driver.go:557.2,557.15 1 22
github.com/IBM/ibmcloud-object-storage-plugin/driver/driver.go:557.15,559.12 1 22
github.com/IBM/ibmcloud-object-storage-plugin/driver/driver.go:559.12,561.23 2 2
github.com/IBM/ibmcloud-object-storage-plugin/driver/driver.go:561.23,564.5 1 0
github.com/IBM/ibmcloud-object-storage-plugin/driver/driver.go:569.2,570.18 2 22
github.com/IBM/ibmcloud-object-storage-plugin/driver/driver.go:570.18,572.3 1 2
github.com/IBM/ibmcloud-object-storage-plugin/driver/driver.go:572.8,574.3 1 20
github.com/IBM/ibmcloud-object-storage-plugin/driver/driver.go:575.2,575.16 1 22
github.com/IBM/ibmcloud-object-storage-plugin/driver/driver.go:575.16,579.3 2 1
github.com/IBM/ibmcloud-object-storage-plugin/driver/driver.go:581.2,581.30 1 21
github.com/IBM/ibmcloud-object-storage-plugin/driver/driver.go:581.30,582.49 1 2
github.com/IBM/ibmcloud-object-storage-plugin/driver/driver.go:582.49,584.4 1 1
github.com/IBM/ibmcloud-object-storage-plugin/driver/driver.go:584.9,586.4 1 1
github.com/IBM/ibmcloud-object-storage-plugin/driver/driver.go:587.8,589.3 1 19
github.com/IBM/ibmcloud-object-storage-plugin/driver/driver.go:590.2,607.61 2 21
github.com/IBM/ibmcloud-object-storage-plugin/driver/driver.go:607.61,610.3 2 1
github.com/IBM/ibmcloud-object-storage-plugin/driver/driver.go:610.8,610.80 1 20
github.com/IBM/ibmcloud-object-storage-plugin/driver/driver.go:610.80,613.3 2 1
github.com/IBM/ibmcloud-object-storage-plugin/driver/driver.go:616.2,616.42 1 21
github.com/IBM/ibmcloud-object-storage-plugin/driver/driver.go:616.42,618.3 1 1
github.com/IBM/ibmcloud-object-storage-plugin/driver/driver.go:620.2,620.96 1 21
github.com/IBM/ibmcloud-object-storage-plugin/driver/driver.go:620.96,623.3 1 20
github.com/IBM/ibmcloud-object-storage-plugin/driver/driver.go:626.2,626.38 1 21
github.com/IBM/ibmcloud-object-storage-plugin/driver/driver.go:626.38,628.3 1 1
github.com/IBM/ibmcloud-object-storage-plugin/driver/driver.go:630.2,630.42 1 21
github.com/IBM/ibmcloud-object-storage-plugin/driver/driver.go:630.42,632.3 1 1
github.com/IBM/ibmcloud-object-storage-plugin/driver/driver.go:634.2,634.23 1 21
github.com/IBM/ibmcloud-object-storage-plugin/driver/driver.go:634.23,636.3 1 1
github.com/IBM/ibmcloud-object-storage-plugin/driver/driver.go:638.2,638.23 1 21
github.com/IBM/ibmcloud-object-storage-plugin/driver/driver.go:638.23,640.3 1 1
github.com/IBM/ibmcloud-object-storage-plugin/driver/driver.go:642.2,642.25 1 21
github.com/IBM/ibmcloud-object-storage-plugin/driver/driver.go:642.25,644.3 1 1
github.com/IBM/ibmcloud-object-storage-plugin/driver/driver.go:646.2,646.18 1 21
github.com/IBM/ibmcloud-object-storage-plugin/driver/driver.go:646.18,649.3 2 2
github.com/IBM/ibmcloud-object-storage-plugin/driver/driver.go:649.8,651.3 1 19
github.com/IBM/ibmcloud-object-storage-plugin/driver/driver.go:653.2,653.41 1 21
github.com/IBM/ibmcloud-object-storage-plugin/driver/driver.go:653.41,655.3 1 1
github.com/IBM/ibmcloud-object-storage-plugin/driver/driver.go:657.2,657.43 1 21
github.com/IBM/ibmcloud-object-storage-plugin/driver/driver.go:657.43,659.3 1 1
github.com/IBM/ibmcloud-object-storage-plugin/driver/driver.go:661.2,661.22 1 21
github.com/IBM/ibmcloud-object-storage-plugin/driver/driver.go:661.22,663.3 1 1
github.com/IBM/ibmcloud-object-storage-plugin/driver/driver.go:665.2,665.33 1 21
github.com/IBM/ibmcloud-object-storage-plugin/driver/driver.go:665.33,667.36 2 1
github.com/IBM/ibmcloud-object-storage-plugin/driver/driver.go:667.36,669.4 1 2
github.com/IBM/ibmcloud-object-storage-plugin/driver/driver.go:672.2,673.16 2 21
github.com/IBM/ibmcloud-object-storage-plugin/driver/driver.go:673.16,679.3 1 21
github.com/IBM/ibmcloud-object-storage-plugin/driver/driver.go:681.2,685.16 3 21
github.com/IBM/ibmcloud-object-storage-plugin/driver/driver.go:685.16,688.3 2 20
github.com/IBM/ibmcloud-object-storage-plugin/driver/driver.go:689.2,692.16 3 21
github.com/IBM/ibmcloud-object-storage-plugin/driver/driver.go:692.16,696.3 2 1
github.com/IBM/ibmcloud-object-storage-plugin/driver/driver.go:698.2,699.16 2 20
github.com/IBM/ibmcloud-object-storage-plugin/driver/driver.go:699.16,705.3 1 20
github.com/IBM/ibmcloud-object-storage-plugin/driver/driver.go:707.2,708.12 2 20
github.com/IBM/ibmcloud-object-storage-plugin/driver/driver.go:712.106,717.16 4 43
github.com/IBM/ibmcloud-object-storage-plugin/driver/driver.go:717.16,725.3 2 23
github.com/IBM/ibmcloud-object-storage-plugin/driver/driver.go:727.2,733.3 2 20
github.com/IBM/ibmcloud-object-storage-plugin/driver/driver.go:737.112,742.16 4 1
github.com/IBM/ibmcloud-object-storage-plugin/driver/driver.go:742.16,750.3 2 0
github.com/IBM/ibmcloud-object-storage-plugin/driver/driver.go:752.2,758.3 2 1
github.com/IBM/ibmcloud-object-storage-plugin/driver/driver.go:762.96,764.16 2 1
github.com/IBM/ibmcloud-object-storage-plugin/driver/driver.go:764.16,769.3 2 0
github.com/IBM/ibmcloud-object-storage-plugin/driver/driver.go:771.2,773.16 3 1
github.com/IBM/ibmcloud-object-storage-plugin/driver/driver.go:773.16,777.3 2 0
github.com/IBM/ibmcloud-object-storage-plugin/driver/driver.go:779.2,779.12 1 1
